<?xml version="1.0" encoding="UTF-8"?>
<testsuite xmlns:xsi="http://www.w3.org/2001/XMLSchema-instance" xsi:noNamespaceSchemaLocation="https://maven.apache.org/surefire/maven-surefire-plugin/xsd/surefire-test-report-3.0.xsd" version="3.0" name="PostmanAPI.PaymentContractAgainstMockTest" time="1.595" tests="1" errors="1" skipped="0" failures="0">
  <properties>
[...]
</properties>
  <testcase name="" classname="PostmanAPI.PaymentContractAgainstMockTest" time="1.595">
    <error message="not found: payment/producer/mock/payment-mock.feature" type="java.lang.RuntimeException"><![CDATA[java.lang.RuntimeException: not found: payment/producer/mock/payment-mock.feature
	at com.intuit.karate.resource.ResourceUtils.getResource(ResourceUtils.java:126)
	at com.intuit.karate.core.Feature.read(Feature.java:54)
	at com.intuit.karate.core.MockServer.feature(MockServer.java:178)
	at PostmanAPI.PaymentContractAgainstMockTest.beforeAll(PaymentContractAgainstMockTest.java:18)
	at java.base/java.lang.reflect.Method.invoke(Method.java:568)
	at java.base/java.util.ArrayList.forEach(ArrayList.java:1511)
	Suppressed: java.lang.NullPointerException: Cannot invoke "com.intuit.karate.core.MockServer.stop()" because "PostmanAPI.PaymentContractAgainstMockTest.server" is null
		at PostmanAPI.PaymentContractAgainstMockTest.afterAll(PaymentContractAgainstMockTest.java:32)
		at java.base/java.lang.reflect.Method.invoke(Method.java:568)
		at java.base/java.util.ArrayList.forEach(ArrayList.java:1511)
		at java.base/java.util.Collections$UnmodifiableCollection.forEach(Collections.java:1092)
		... 1 more
]]></error>
  </testcase>
</testsuite>