<?xml version="1.0" encoding="UTF-8"?>
<testsuite xmlns:xsi="http://www.w3.org/2001/XMLSchema-instance" xsi:noNamespaceSchemaLocation="https://maven.apache.org/surefire/maven-surefire-plugin/xsd/surefire-test-report-3.0.xsd" version="3.0" name="PostmanAPI.TestRunner" time="56.146" tests="1" errors="0" skipped="0" failures="0">
  <properties>
[...]
</properties>
  <testcase name="testParallel" classname="PostmanAPI.TestRunner" time="56.136">
    <system-out><![CDATA[17:13:07.571 [main] DEBUG com.intuit.karate.Suite - [config] classpath:karate-config.js
17:13:07.587 [main] WARN  com.intuit.karate.Suite - failed to backup existing dir: target\karate-reports
17:13:07.598 [main] DEBUG com.intuit.karate.Suite - waiting for 10 features to complete
17:13:09.450 [pool-2-thread-4] INFO  com.intuit.karate - karate.env system property was: null 
17:13:09.450 [pool-2-thread-3] INFO  com.intuit.karate - karate.env system property was: null 
17:13:09.450 [pool-2-thread-1] INFO  com.intuit.karate - karate.env system property was: null 
17:13:09.450 [pool-2-thread-2] INFO  com.intuit.karate - karate.env system property was: null 
17:13:09.450 [pool-2-thread-5] INFO  com.intuit.karate - karate.env system property was: null 
17:13:10.155 [pool-2-thread-3] DEBUG com.intuit.karate - request:
1 > POST https://api.getpostman.com/collections
1 > x-api-key: PMAK-67a1fd6a1bd33e0001398b39-8f7df1a19b801ffe2ebdd25b9b6fc3bdfb
1 > Content-Type: application/json; charset=UTF-8
1 > Content-Length: 655
1 > Host: api.getpostman.com
1 > Connection: Keep-Alive
1 > User-Agent: Apache-HttpClient/4.5.14 (Java/17.0.10)
1 > Accept-Encoding: gzip,deflate
{"collection":{"info":{"name":"Quenten Banefort","description":"This collection makes a request to the Postman Echo service to get a list of request headers sent by an HTTP client.","schema":"https:\/\/schema.getpostman.com\/json\/collection\/v2.1.0\/collection.json"},"item":[{"name":"Test GET Response","event":[{"listen":"test","script":{"id":"7d2334fc-a84a-4c3d-b26c-7529afa4c0ae","exec":["pm.test(\"Status code is 200\", function () {","    pm.response.to.have.status(200);","});"],"type":"text\/javascript"}}],"request":{"url":"https:\/\/echo.getpostman.com\/headers","method":"GET","header":[{"key":"Content-Type","value":"application\/json"}]}}]}}

17:13:10.155 [pool-2-thread-4] DEBUG com.intuit.karate - request:
1 > POST https://api.getpostman.com/workspaces
1 > x-api-key: PMAK-67a1fd6a1bd33e0001398b39-8f7df1a19b801ffe2ebdd25b9b6fc3bdfb
1 > Content-Type: application/json; charset=UTF-8
1 > Content-Length: 92
1 > Host: api.getpostman.com
1 > Connection: Keep-Alive
1 > User-Agent: Apache-HttpClient/4.5.14 (Java/17.0.10)
1 > Accept-Encoding: gzip,deflate
{"workspace":{"name":"karateWorkSpace","type":"personal","description":"MYWorkSpaceKarate"}}

17:13:10.155 [pool-2-thread-1] DEBUG com.intuit.karate - request:
1 > POST https://bimhep-qa.bimnetworkstech.com/api/hostedEnrollment/consumerEnrollment
1 > Content-Type: application/json; charset=UTF-8
1 > Accept: */*
1 > Content-Length: 214
1 > Host: bimhep-qa.bimnetworkstech.com
1 > Connection: Keep-Alive
1 > User-Agent: Apache-HttpClient/4.5.14 (Java/17.0.10)
1 > Accept-Encoding: gzip,deflate
{"emailAddress":"mui55@test.com","firstName":"Yvonne","lastName":"Gelina","pin":"9394","partnerId":"MTI3","mobilePhoneNumber":"777-735-8383","ConsumerDefinedFields":["","AUHW","022993543","V","","","","","","",""]}

17:13:10.155 [pool-2-thread-2] DEBUG com.intuit.karate - request:
1 > POST https://api.getpostman.com/collections
1 > x-api-key: PMAK-67a1fd6a1bd33e0001398b39-8f7df1a19b801ffe2ebdd25b9b6fc3bdfb
1 > Content-Type: application/json; charset=UTF-8
1 > Content-Length: 653
1 > Host: api.getpostman.com
1 > Connection: Keep-Alive
1 > User-Agent: Apache-HttpClient/4.5.14 (Java/17.0.10)
1 > Accept-Encoding: gzip,deflate
{"collection":{"info":{"name":"Humfrey Hewett","description":"This collection makes a request to the Postman Echo service to get a list of request headers sent by an HTTP client.","schema":"https:\/\/schema.getpostman.com\/json\/collection\/v2.1.0\/collection.json"},"item":[{"name":"Test GET Response","event":[{"listen":"test","script":{"id":"7d2334fc-a84a-4c3d-b26c-7529afa4c0ae","exec":["pm.test(\"Status code is 200\", function () {","    pm.response.to.have.status(200);","});"],"type":"text\/javascript"}}],"request":{"url":"https:\/\/echo.getpostman.com\/headers","method":"GET","header":[{"key":"Content-Type","value":"application\/json"}]}}]}}

17:13:10.155 [pool-2-thread-5] DEBUG com.intuit.karate - request:
1 > POST https://api.getpostman.com/workspaces
1 > x-api-key: PMAK-67a1fd6a1bd33e0001398b39-8f7df1a19b801ffe2ebdd25b9b6fc3bdfb
1 > Content-Type: application/json; charset=UTF-8
1 > Content-Length: 92
1 > Host: api.getpostman.com
1 > Connection: Keep-Alive
1 > User-Agent: Apache-HttpClient/4.5.14 (Java/17.0.10)
1 > Accept-Encoding: gzip,deflate
{"workspace":{"name":"karateWorkSpace","type":"personal","description":"MYWorkSpaceKarate"}}

17:13:12.176 [pool-2-thread-4] DEBUG com.intuit.karate - response time in milliseconds: 2012
1 < 200
1 < Date: Thu, 13 Feb 2025 11:43:11 GMT
1 < Content-Type: application/json; charset=utf-8
1 < Content-Length: 84
1 < Connection: keep-alive
1 < Server: nginx
1 < x-frame-options: deny
1 < x-xss-protection: 1; mode=block
1 < x-content-type-options: nosniff
1 < referrer-policy: no-referrer-when-downgrade
1 < access-control-allow-origin: *
1 < access-control-allow-methods: GET,POST,PUT,DELETE
1 < access-control-allow-headers: content-type,x-api-key
1 < access-control-allow-credentials: false
1 < x-ratelimit-limit: 300
1 < x-ratelimit-reset: 59
1 < x-ratelimit-remaining: 297
1 < ratelimit: limit=300, remaining=297, reset=59
1 < ratelimit-policy: 300;w=60
1 < ratelimit-limit: 300
1 < ratelimit-remaining: 297
1 < ratelimit-reset: 59
1 < ratelimit-limit-month: 10000
1 < ratelimit-remaining-month: 7192
1 < x-ratelimit-limit-month: 10000
1 < x-ratelimit-remaining-month: 7192
1 < uWebSockets: 20
{"workspace":{"id":"f45baead-27a3-452f-bf37-a7c352a812c7","name":"karateWorkSpace"}}

17:13:12.181 [pool-2-thread-4] INFO  com.intuit.karate - [print] f45baead-27a3-452f-bf37-a7c352a812c7 
17:13:12.184 [pool-2-thread-4] INFO  com.intuit.karate - [print] DEBUG: Workspace ID -> f45baead-27a3-452f-bf37-a7c352a812c7 
17:13:12.198 [pool-2-thread-4] DEBUG com.intuit.karate - request:
1 > GET https://api.getpostman.com/workspaces/f45baead-27a3-452f-bf37-a7c352a812c7
1 > x-api-key: PMAK-67a1fd6a1bd33e0001398b39-8f7df1a19b801ffe2ebdd25b9b6fc3bdfb
1 > Host: api.getpostman.com
1 > Connection: Keep-Alive
1 > User-Agent: Apache-HttpClient/4.5.14 (Java/17.0.10)
1 > Accept-Encoding: gzip,deflate


17:13:12.285 [pool-2-thread-5] DEBUG com.intuit.karate - response time in milliseconds: 2128
1 < 200
1 < Date: Thu, 13 Feb 2025 11:43:11 GMT
1 < Content-Type: application/json; charset=utf-8
1 < Content-Length: 84
1 < Connection: keep-alive
1 < Server: nginx
1 < x-frame-options: deny
1 < x-xss-protection: 1; mode=block
1 < x-content-type-options: nosniff
1 < referrer-policy: no-referrer-when-downgrade
1 < access-control-allow-origin: *
1 < access-control-allow-methods: GET,POST,PUT,DELETE
1 < access-control-allow-headers: content-type,x-api-key
1 < access-control-allow-credentials: false
1 < x-ratelimit-limit: 300
1 < x-ratelimit-reset: 59
1 < x-ratelimit-remaining: 299
1 < ratelimit: limit=300, remaining=299, reset=59
1 < ratelimit-policy: 300;w=60
1 < ratelimit-limit: 300
1 < ratelimit-remaining: 299
1 < ratelimit-reset: 59
1 < ratelimit-limit-month: 10000
1 < ratelimit-remaining-month: 7191
1 < x-ratelimit-limit-month: 10000
1 < x-ratelimit-remaining-month: 7191
1 < uWebSockets: 20
{"workspace":{"id":"60130d73-9120-496f-96c0-7205497ac3af","name":"karateWorkSpace"}}

17:13:12.289 [pool-2-thread-5] INFO  com.intuit.karate - [print] 60130d73-9120-496f-96c0-7205497ac3af 
17:13:12.295 [pool-2-thread-5] INFO  com.intuit.karate - [print] DEBUG: Workspace ID -> 60130d73-9120-496f-96c0-7205497ac3af 
17:13:12.298 [pool-2-thread-5] DEBUG com.intuit.karate - request:
1 > POST https://api.getpostman.com/workspaces
1 > x-api-key: PMAK-678a05e799a5290001b8149d-8ce51c3d59b228d316d0c2bf96cdd03d
1 > Content-Type: application/json; charset=UTF-8
1 > Content-Length: 92
1 > Host: api.getpostman.com
1 > Connection: Keep-Alive
1 > User-Agent: Apache-HttpClient/4.5.14 (Java/17.0.10)
1 > Accept-Encoding: gzip,deflate
{"workspace":{"name":"karateWorkSpace","type":"personal","description":"MYWorkSpaceKarate"}}

17:13:12.762 [pool-2-thread-3] DEBUG com.intuit.karate - response time in milliseconds: 2606
1 < 200
1 < Date: Thu, 13 Feb 2025 11:43:12 GMT
1 < Content-Type: application/json; charset=utf-8
1 < Content-Length: 140
1 < Connection: keep-alive
1 < Server: nginx
1 < x-frame-options: deny
1 < x-xss-protection: 1; mode=block
1 < x-content-type-options: nosniff
1 < referrer-policy: no-referrer-when-downgrade
1 < access-control-allow-origin: *
1 < access-control-allow-methods: GET,POST,PUT,DELETE
1 < access-control-allow-headers: content-type,x-api-key
1 < access-control-allow-credentials: false
1 < x-ratelimit-limit: 300
1 < x-ratelimit-reset: 59
1 < x-ratelimit-remaining: 298
1 < ratelimit: limit=300, remaining=298, reset=59
1 < ratelimit-policy: 300;w=60
1 < ratelimit-limit: 300
1 < ratelimit-remaining: 298
1 < ratelimit-reset: 59
1 < ratelimit-limit-month: 10000
1 < ratelimit-remaining-month: 7193
1 < x-ratelimit-limit-month: 10000
1 < x-ratelimit-remaining-month: 7193
1 < uWebSockets: 20
{"collection":{"id":"4f791789-4066-417b-be63-b52e2129ff88","name":"Quenten Banefort","uid":"32384855-4f791789-4066-417b-be63-b52e2129ff88"}}

17:13:12.785 [pool-2-thread-3] INFO  com.intuit.karate - [print] 4f791789-4066-417b-be63-b52e2129ff88 
17:13:12.789 [pool-2-thread-3] DEBUG com.intuit.karate - request:
2 > GET https://api.getpostman.com/collections/4f791789-4066-417b-be63-b52e2129ff88
2 > x-api-key: PMAK-67a1fd6a1bd33e0001398b39-8f7df1a19b801ffe2ebdd25b9b6fc3bdfb
2 > Host: api.getpostman.com
2 > Connection: Keep-Alive
2 > User-Agent: Apache-HttpClient/4.5.14 (Java/17.0.10)
2 > Accept-Encoding: gzip,deflate


17:13:13.052 [pool-2-thread-2] DEBUG com.intuit.karate - response time in milliseconds: 2895
1 < 200
1 < Date: Thu, 13 Feb 2025 11:43:12 GMT
1 < Content-Type: application/json; charset=utf-8
1 < Content-Length: 138
1 < Connection: keep-alive
1 < Server: nginx
1 < x-frame-options: deny
1 < x-xss-protection: 1; mode=block
1 < x-content-type-options: nosniff
1 < referrer-policy: no-referrer-when-downgrade
1 < access-control-allow-origin: *
1 < access-control-allow-methods: GET,POST,PUT,DELETE
1 < access-control-allow-headers: content-type,x-api-key
1 < access-control-allow-credentials: false
1 < x-ratelimit-limit: 300
1 < x-ratelimit-reset: 59
1 < x-ratelimit-remaining: 296
1 < ratelimit: limit=300, remaining=296, reset=59
1 < ratelimit-policy: 300;w=60
1 < ratelimit-limit: 300
1 < ratelimit-remaining: 296
1 < ratelimit-reset: 59
1 < ratelimit-limit-month: 10000
1 < ratelimit-remaining-month: 7190
1 < x-ratelimit-limit-month: 10000
1 < x-ratelimit-remaining-month: 7190
1 < uWebSockets: 20
{"collection":{"id":"96d1405f-0b36-49e3-ba65-41cb63327cf4","name":"Humfrey Hewett","uid":"32384855-96d1405f-0b36-49e3-ba65-41cb63327cf4"}}

17:13:13.058 [pool-2-thread-2] INFO  com.intuit.karate - [print] Created Collection ID: 96d1405f-0b36-49e3-ba65-41cb63327cf4 
17:13:13.062 [pool-2-thread-2] DEBUG com.intuit.karate - request:
2 > GET https://api.getpostman.com/collections/96d1405f-0b36-49e3-ba65-41cb63327cf4
2 > x-api-key: PMAK-67a1fd6a1bd33e0001398b39-8f7df1a19b801ffe2ebdd25b9b6fc3bdfb
2 > Host: api.getpostman.com
2 > Connection: Keep-Alive
2 > User-Agent: Apache-HttpClient/4.5.14 (Java/17.0.10)
2 > Accept-Encoding: gzip,deflate


17:13:13.119 [pool-2-thread-5] DEBUG com.intuit.karate - response time in milliseconds: 819
1 < 401
1 < Date: Thu, 13 Feb 2025 11:43:12 GMT
1 < Content-Type: application/json; charset=utf-8
1 < Content-Length: 120
1 < Connection: keep-alive
1 < Server: nginx
1 < x-frame-options: deny
1 < x-xss-protection: 1; mode=block
1 < x-content-type-options: nosniff
1 < referrer-policy: no-referrer-when-downgrade
1 < access-control-allow-origin: *
1 < access-control-allow-methods: GET,POST,PUT,DELETE
1 < access-control-allow-headers: content-type,x-api-key
1 < access-control-allow-credentials: false
1 < uWebSockets: 20
{"error":{"name":"AuthenticationError","message":"Invalid API Key. Every request requires a valid API Key to be sent."}}

17:13:13.135 [pool-2-thread-5] INFO  com.intuit.karate - karate.env system property was: null 
17:13:13.152 [pool-2-thread-5] DEBUG com.intuit.karate - request:
1 > POST https://api.getpostman.com/workspaces
1 > x-api-key: PMAK-67a1fd6a1bd33e0001398b39-8f7df1a19b801ffe2ebdd25b9b6fc3bdfb
1 > Content-Type: application/json; charset=UTF-8
1 > Content-Length: 92
1 > Host: api.getpostman.com
1 > Connection: Keep-Alive
1 > User-Agent: Apache-HttpClient/4.5.14 (Java/17.0.10)
1 > Accept-Encoding: gzip,deflate
{"workspace":{"name":"karateWorkSpace","type":"personal","description":"MYWorkSpaceKarate"}}

17:13:13.239 [pool-2-thread-4] DEBUG com.intuit.karate - response time in milliseconds: 1040
1 < 200
1 < Date: Thu, 13 Feb 2025 11:43:12 GMT
1 < Content-Type: application/json; charset=utf-8
1 < Content-Length: 284
1 < Connection: keep-alive
1 < Server: nginx
1 < x-frame-options: deny
1 < x-xss-protection: 1; mode=block
1 < x-content-type-options: nosniff
1 < referrer-policy: no-referrer-when-downgrade
1 < access-control-allow-origin: *
1 < access-control-allow-methods: GET,POST,PUT,DELETE
1 < access-control-allow-headers: content-type,x-api-key
1 < access-control-allow-credentials: false
1 < x-ratelimit-limit: 10
1 < x-ratelimit-reset: 9
1 < x-ratelimit-remaining: 9
1 < ratelimit: limit=10, remaining=9, reset=9
1 < ratelimit-policy: 10;w=10
1 < ratelimit-limit: 10
1 < ratelimit-remaining: 9
1 < ratelimit-reset: 9
1 < ratelimit-limit-month: 10000
1 < ratelimit-remaining-month: 7189
1 < x-ratelimit-limit-month: 10000
1 < x-ratelimit-remaining-month: 7189
1 < uWebSockets: 20
{"workspace":{"id":"f45baead-27a3-452f-bf37-a7c352a812c7","name":"karateWorkSpace","type":"personal","description":"MYWorkSpaceKarate","visibility":"personal","createdBy":"32384855","updatedBy":"32384855","createdAt":"2025-02-13T11:43:11.000Z","updatedAt":"2025-02-13T11:43:11.000Z"}}

17:13:13.249 [pool-2-thread-4] DEBUG com.intuit.karate - request:
2 > PUT https://api.getpostman.com/workspaces/f45baead-27a3-452f-bf37-a7c352a812c7
2 > x-api-key: PMAK-67a1fd6a1bd33e0001398b39-8f7df1a19b801ffe2ebdd25b9b6fc3bdfb
2 > Content-Type: application/json; charset=UTF-8
2 > Content-Length: 101
2 > Host: api.getpostman.com
2 > Connection: Keep-Alive
2 > User-Agent: Apache-HttpClient/4.5.14 (Java/17.0.10)
2 > Accept-Encoding: gzip,deflate
{"workspace":{"name":"karateWorkSpaceUpdated","type":"personal","description":"Updated Description"}}

17:13:13.932 [pool-2-thread-3] DEBUG com.intuit.karate - response time in milliseconds: 1142
2 < 200
2 < Date: Thu, 13 Feb 2025 11:43:13 GMT
2 < Content-Type: application/json; charset=utf-8
2 < Content-Length: 1049
2 < Connection: keep-alive
2 < Server: nginx
2 < x-frame-options: deny
2 < x-xss-protection: 1; mode=block
2 < x-content-type-options: nosniff
2 < referrer-policy: no-referrer-when-downgrade
2 < access-control-allow-origin: *
2 < access-control-allow-methods: GET,POST,PUT,DELETE
2 < access-control-allow-headers: content-type,x-api-key
2 < access-control-allow-credentials: false
2 < x-ratelimit-limit: 300
2 < x-ratelimit-reset: 57
2 < x-ratelimit-remaining: 294
2 < ratelimit: limit=300, remaining=294, reset=57
2 < ratelimit-policy: 300;w=60
2 < ratelimit-limit: 300
2 < ratelimit-remaining: 294
2 < ratelimit-reset: 57
2 < ratelimit-limit-month: 10000
2 < ratelimit-remaining-month: 7188
2 < x-ratelimit-limit-month: 10000
2 < x-ratelimit-remaining-month: 7188
2 < last-modified: 2025-02-13T11:43:12.000Z
2 < uWebSockets: 20
{"collection":{"info":{"_postman_id":"4f791789-4066-417b-be63-b52e2129ff88","name":"Quenten Banefort","description":"This collection makes a request to the Postman Echo service to get a list of request headers sent by an HTTP client.","schema":"https://schema.getpostman.com/json/collection/v2.1.0/collection.json","updatedAt":"2025-02-13T11:43:12.000Z","createdAt":"2025-02-13T11:43:12.000Z","lastUpdatedBy":"32384855","uid":"32384855-4f791789-4066-417b-be63-b52e2129ff88"},"item":[{"name":"Test GET Response","event":[{"listen":"test","script":{"id":"7d2334fc-a84a-4c3d-b26c-7529afa4c0ae","exec":["pm.test(\"Status code is 200\", function () {","    pm.response.to.have.status(200);","});"],"type":"text/javascript"}}],"id":"aa141501-b996-4c03-a1f0-04946f0ef65a","request":{"method":"GET","header":[{"key":"Content-Type","value":"application/json"}],"url":{"raw":"https://echo.getpostman.com/headers","protocol":"https","host":["echo","getpostman","com"],"path":["headers"]}},"response":[],"uid":"32384855-aa141501-b996-4c03-a1f0-04946f0ef65a"}]}}

17:13:13.950 [pool-2-thread-3] DEBUG com.intuit.karate - request:
3 > DELETE https://api.getpostman.com/collections/4f791789-4066-417b-be63-b52e2129ff88
3 > x-api-key: PMAK-67a1fd6a1bd33e0001398b39-8f7df1a19b801ffe2ebdd25b9b6fc3bdfb
3 > Content-Type: application/json; charset=UTF-8
3 > Content-Length: 655
3 > Host: api.getpostman.com
3 > Connection: Keep-Alive
3 > User-Agent: Apache-HttpClient/4.5.14 (Java/17.0.10)
3 > Accept-Encoding: gzip,deflate
{"collection":{"info":{"name":"Quenten Banefort","description":"This collection makes a request to the Postman Echo service to get a list of request headers sent by an HTTP client.","schema":"https:\/\/schema.getpostman.com\/json\/collection\/v2.1.0\/collection.json"},"item":[{"name":"Test GET Response","event":[{"listen":"test","script":{"id":"7d2334fc-a84a-4c3d-b26c-7529afa4c0ae","exec":["pm.test(\"Status code is 200\", function () {","    pm.response.to.have.status(200);","});"],"type":"text\/javascript"}}],"request":{"url":"https:\/\/echo.getpostman.com\/headers","method":"GET","header":[{"key":"Content-Type","value":"application\/json"}]}}]}}

17:13:14.092 [pool-2-thread-2] DEBUG com.intuit.karate - response time in milliseconds: 1026
2 < 200
2 < Date: Thu, 13 Feb 2025 11:43:13 GMT
2 < Content-Type: application/json; charset=utf-8
2 < Content-Length: 1047
2 < Connection: keep-alive
2 < Server: nginx
2 < x-frame-options: deny
2 < x-xss-protection: 1; mode=block
2 < x-content-type-options: nosniff
2 < referrer-policy: no-referrer-when-downgrade
2 < access-control-allow-origin: *
2 < access-control-allow-methods: GET,POST,PUT,DELETE
2 < access-control-allow-headers: content-type,x-api-key
2 < access-control-allow-credentials: false
2 < x-ratelimit-limit: 300
2 < x-ratelimit-reset: 57
2 < x-ratelimit-remaining: 293
2 < ratelimit: limit=300, remaining=293, reset=57
2 < ratelimit-policy: 300;w=60
2 < ratelimit-limit: 300
2 < ratelimit-remaining: 293
2 < ratelimit-reset: 57
2 < ratelimit-limit-month: 10000
2 < ratelimit-remaining-month: 7187
2 < x-ratelimit-limit-month: 10000
2 < x-ratelimit-remaining-month: 7187
2 < last-modified: 2025-02-13T11:43:12.000Z
2 < uWebSockets: 20
{"collection":{"info":{"_postman_id":"96d1405f-0b36-49e3-ba65-41cb63327cf4","name":"Humfrey Hewett","description":"This collection makes a request to the Postman Echo service to get a list of request headers sent by an HTTP client.","schema":"https://schema.getpostman.com/json/collection/v2.1.0/collection.json","updatedAt":"2025-02-13T11:43:12.000Z","createdAt":"2025-02-13T11:43:12.000Z","lastUpdatedBy":"32384855","uid":"32384855-96d1405f-0b36-49e3-ba65-41cb63327cf4"},"item":[{"name":"Test GET Response","event":[{"listen":"test","script":{"id":"7d2334fc-a84a-4c3d-b26c-7529afa4c0ae","exec":["pm.test(\"Status code is 200\", function () {","    pm.response.to.have.status(200);","});"],"type":"text/javascript"}}],"id":"6ffd888a-da4e-4767-a112-3a07019b8928","request":{"method":"GET","header":[{"key":"Content-Type","value":"application/json"}],"url":{"raw":"https://echo.getpostman.com/headers","protocol":"https","host":["echo","getpostman","com"],"path":["headers"]}},"response":[],"uid":"32384855-6ffd888a-da4e-4767-a112-3a07019b8928"}]}}

17:13:14.097 [pool-2-thread-2] DEBUG com.intuit.karate - request:
3 > DELETE https://api.getpostman.com/collections/96d1405f-0b36-49e3-ba65-41cb63327cf4
3 > x-api-key: PMAK-67a1fd6a1bd33e0001398b39-8f7df1a19b801ffe2ebdd25b9b6fc3bdfb
3 > Host: api.getpostman.com
3 > Connection: Keep-Alive
3 > User-Agent: Apache-HttpClient/4.5.14 (Java/17.0.10)
3 > Accept-Encoding: gzip,deflate


17:13:14.263 [pool-2-thread-5] DEBUG com.intuit.karate - response time in milliseconds: 1110
1 < 200
1 < Date: Thu, 13 Feb 2025 11:43:13 GMT
1 < Content-Type: application/json; charset=utf-8
1 < Content-Length: 84
1 < Connection: keep-alive
1 < Server: nginx
1 < x-frame-options: deny
1 < x-xss-protection: 1; mode=block
1 < x-content-type-options: nosniff
1 < referrer-policy: no-referrer-when-downgrade
1 < access-control-allow-origin: *
1 < access-control-allow-methods: GET,POST,PUT,DELETE
1 < access-control-allow-headers: content-type,x-api-key
1 < access-control-allow-credentials: false
1 < x-ratelimit-limit: 300
1 < x-ratelimit-reset: 57
1 < x-ratelimit-remaining: 292
1 < ratelimit: limit=300, remaining=292, reset=57
1 < ratelimit-policy: 300;w=60
1 < ratelimit-limit: 300
1 < ratelimit-remaining: 292
1 < ratelimit-reset: 57
1 < ratelimit-limit-month: 10000
1 < ratelimit-remaining-month: 7186
1 < x-ratelimit-limit-month: 10000
1 < x-ratelimit-remaining-month: 7186
1 < uWebSockets: 20
{"workspace":{"id":"50f03f24-116a-46cc-b4fe-729f18092491","name":"karateWorkSpace"}}

17:13:14.267 [pool-2-thread-5] INFO  com.intuit.karate - [print] 50f03f24-116a-46cc-b4fe-729f18092491 
17:13:14.269 [pool-2-thread-5] INFO  com.intuit.karate - [print] DEBUG: Workspace ID -> 50f03f24-116a-46cc-b4fe-729f18092491 
17:13:14.278 [pool-2-thread-5] DEBUG com.intuit.karate - request:
1 > POST https://api.getpostman.com/workspaces
1 > x-api-key: PMAK-67a1fd6a1bd33e0001398b39-8f7df1a19b801ffe2ebdd25b9b6fc3bdfb
1 > Content-Type: application/json; charset=UTF-8
1 > Content-Length: 88
1 > Host: api.getpostman.com
1 > Connection: Keep-Alive
1 > User-Agent: Apache-HttpClient/4.5.14 (Java/17.0.10)
1 > Accept-Encoding: gzip,deflate
{"workspace":{"name":"karateWorkSpace","type":"test","description":"MYWorkSpaceKarate"}}

17:13:14.324 [pool-2-thread-4] DEBUG com.intuit.karate - response time in milliseconds: 1072
2 < 200
2 < Date: Thu, 13 Feb 2025 11:43:13 GMT
2 < Content-Type: application/json; charset=utf-8
2 < Content-Length: 91
2 < Connection: keep-alive
2 < Server: nginx
2 < x-frame-options: deny
2 < x-xss-protection: 1; mode=block
2 < x-content-type-options: nosniff
2 < referrer-policy: no-referrer-when-downgrade
2 < access-control-allow-origin: *
2 < access-control-allow-methods: GET,POST,PUT,DELETE
2 < access-control-allow-headers: content-type,x-api-key
2 < access-control-allow-credentials: false
2 < x-ratelimit-limit: 300
2 < x-ratelimit-reset: 57
2 < x-ratelimit-remaining: 291
2 < ratelimit: limit=300, remaining=291, reset=57
2 < ratelimit-policy: 300;w=60
2 < ratelimit-limit: 300
2 < ratelimit-remaining: 291
2 < ratelimit-reset: 57
2 < ratelimit-limit-month: 10000
2 < ratelimit-remaining-month: 7185
2 < x-ratelimit-limit-month: 10000
2 < x-ratelimit-remaining-month: 7185
2 < uWebSockets: 20
{"workspace":{"id":"f45baead-27a3-452f-bf37-a7c352a812c7","name":"karateWorkSpaceUpdated"}}

17:13:14.335 [pool-2-thread-4] DEBUG com.intuit.karate - request:
3 > DELETE https://api.getpostman.com/workspaces/f45baead-27a3-452f-bf37-a7c352a812c7
3 > x-api-key: PMAK-67a1fd6a1bd33e0001398b39-8f7df1a19b801ffe2ebdd25b9b6fc3bdfb
3 > Host: api.getpostman.com
3 > Connection: Keep-Alive
3 > User-Agent: Apache-HttpClient/4.5.14 (Java/17.0.10)
3 > Accept-Encoding: gzip,deflate


17:13:15.206 [pool-2-thread-5] DEBUG com.intuit.karate - response time in milliseconds: 926
1 < 400
1 < Date: Thu, 13 Feb 2025 11:43:14 GMT
1 < Content-Type: application/json; charset=utf-8
1 < Content-Length: 117
1 < Connection: keep-alive
1 < Server: nginx
1 < x-frame-options: deny
1 < x-xss-protection: 1; mode=block
1 < x-content-type-options: nosniff
1 < referrer-policy: no-referrer-when-downgrade
1 < access-control-allow-origin: *
1 < access-control-allow-methods: GET,POST,PUT,DELETE
1 < access-control-allow-headers: content-type,x-api-key
1 < access-control-allow-credentials: false
1 < x-ratelimit-limit: 300
1 < x-ratelimit-reset: 56
1 < x-ratelimit-remaining: 288
1 < ratelimit: limit=300, remaining=288, reset=56
1 < ratelimit-policy: 300;w=60
1 < ratelimit-limit: 300
1 < ratelimit-remaining: 288
1 < ratelimit-reset: 56
1 < ratelimit-limit-month: 10000
1 < ratelimit-remaining-month: 7182
1 < x-ratelimit-limit-month: 10000
1 < x-ratelimit-remaining-month: 7182
1 < uWebSockets: 20
{"error":{"name":"invalidParamError","message":"body.visibilityStatus should be equal to one of the allowed values"}}

17:13:15.232 [pool-2-thread-5] INFO  com.intuit.karate - karate.env system property was: null 
17:13:15.322 [pool-2-thread-5] DEBUG com.intuit.karate - request:
1 > POST https://api.getpostman.com/workspaces
1 > x-api-key: PMAK-67a1fd6a1bd33e0001398b39-8f7df1a19b801ffe2ebdd25b9b6fc3bdfb
1 > Content-Type: application/json; charset=UTF-8
1 > Content-Length: 106
1 > Host: api.getpostman.com
1 > Connection: Keep-Alive
1 > User-Agent: Apache-HttpClient/4.5.14 (Java/17.0.10)
1 > Accept-Encoding: gzip,deflate
{"workspace":{"name":"","type":"personal","description":"MYWorkSpaceKarate","visibilityStatus":"private"}}

17:13:15.440 [pool-2-thread-4] DEBUG com.intuit.karate - response time in milliseconds: 1104
3 < 200
3 < Date: Thu, 13 Feb 2025 11:43:14 GMT
3 < Content-Type: application/json; charset=utf-8
3 < Content-Length: 59
3 < Connection: keep-alive
3 < Server: nginx
3 < x-frame-options: deny
3 < x-xss-protection: 1; mode=block
3 < x-content-type-options: nosniff
3 < referrer-policy: no-referrer-when-downgrade
3 < access-control-allow-origin: *
3 < access-control-allow-methods: GET,POST,PUT,DELETE
3 < access-control-allow-headers: content-type,x-api-key
3 < access-control-allow-credentials: false
3 < x-ratelimit-limit: 300
3 < x-ratelimit-reset: 56
3 < x-ratelimit-remaining: 287
3 < ratelimit: limit=300, remaining=287, reset=56
3 < ratelimit-policy: 300;w=60
3 < ratelimit-limit: 300
3 < ratelimit-remaining: 287
3 < ratelimit-reset: 56
3 < ratelimit-limit-month: 10000
3 < ratelimit-remaining-month: 7181
3 < x-ratelimit-limit-month: 10000
3 < x-ratelimit-remaining-month: 7181
3 < uWebSockets: 20
{"workspace":{"id":"f45baead-27a3-452f-bf37-a7c352a812c7"}}

17:13:15.453 [pool-2-thread-4] INFO  com.intuit.karate - karate.env system property was: null 
17:13:15.545 [pool-2-thread-4] DEBUG com.intuit.karate - request:
1 > POST https://api.getpostman.com/workspaces
1 > x-api-key: PMAK-67a1fd6a1bd33e0001398b39-8f7df1a19b801ffe2ebdd25b9b6fc3bdfb
1 > Content-Type: application/json; charset=UTF-8
1 > Content-Length: 119
1 > Host: api.getpostman.com
1 > Connection: Keep-Alive
1 > User-Agent: Apache-HttpClient/4.5.14 (Java/17.0.10)
1 > Accept-Encoding: gzip,deflate
{"workspace":{"name":"AnotherWorkSpace","type":"test","description":"AnotherDescription","visibilityStatus":"private"}}

17:13:15.673 [pool-2-thread-2] DEBUG com.intuit.karate - response time in milliseconds: 1575
3 < 200
3 < Date: Thu, 13 Feb 2025 11:43:15 GMT
3 < Content-Type: application/json; charset=utf-8
3 < Content-Length: 114
3 < Connection: keep-alive
3 < Server: nginx
3 < x-frame-options: deny
3 < x-xss-protection: 1; mode=block
3 < x-content-type-options: nosniff
3 < referrer-policy: no-referrer-when-downgrade
3 < access-control-allow-origin: *
3 < access-control-allow-methods: GET,POST,PUT,DELETE
3 < access-control-allow-headers: content-type,x-api-key
3 < access-control-allow-credentials: false
3 < x-ratelimit-limit: 300
3 < x-ratelimit-reset: 56
3 < x-ratelimit-remaining: 289
3 < ratelimit: limit=300, remaining=289, reset=56
3 < ratelimit-policy: 300;w=60
3 < ratelimit-limit: 300
3 < ratelimit-remaining: 289
3 < ratelimit-reset: 56
3 < ratelimit-limit-month: 10000
3 < ratelimit-remaining-month: 7183
3 < x-ratelimit-limit-month: 10000
3 < x-ratelimit-remaining-month: 7183
3 < uWebSockets: 20
{"collection":{"id":"96d1405f-0b36-49e3-ba65-41cb63327cf4","uid":"32384855-96d1405f-0b36-49e3-ba65-41cb63327cf4"}}

17:13:15.686 [pool-2-thread-2] INFO  com.intuit.karate - karate.env system property was: null 
17:13:15.767 [pool-2-thread-2] DEBUG com.intuit.karate - request:
1 > POST https://api.getpostman.com/workspaces
1 > x-api-key: PMAK-67a1fd6a1bd33e0001398b39-8f7df1a19b801ffe2ebdd25b9b6fc3bdfb
1 > Content-Type: application/json; charset=UTF-8
1 > Content-Length: 119
1 > Host: api.getpostman.com
1 > Connection: Keep-Alive
1 > User-Agent: Apache-HttpClient/4.5.14 (Java/17.0.10)
1 > Accept-Encoding: gzip,deflate
{"workspace":{"name":"AnotherWorkSpace","type":"test","description":"AnotherDescription","visibilityStatus":"private"}}

17:13:15.994 [pool-2-thread-3] DEBUG com.intuit.karate - response time in milliseconds: 2042
3 < 200
3 < Date: Thu, 13 Feb 2025 11:43:15 GMT
3 < Content-Type: application/json; charset=utf-8
3 < Content-Length: 114
3 < Connection: keep-alive
3 < Server: nginx
3 < x-frame-options: deny
3 < x-xss-protection: 1; mode=block
3 < x-content-type-options: nosniff
3 < referrer-policy: no-referrer-when-downgrade
3 < access-control-allow-origin: *
3 < access-control-allow-methods: GET,POST,PUT,DELETE
3 < access-control-allow-headers: content-type,x-api-key
3 < access-control-allow-credentials: false
3 < x-ratelimit-limit: 300
3 < x-ratelimit-reset: 56
3 < x-ratelimit-remaining: 290
3 < ratelimit: limit=300, remaining=290, reset=56
3 < ratelimit-policy: 300;w=60
3 < ratelimit-limit: 300
3 < ratelimit-remaining: 290
3 < ratelimit-reset: 56
3 < ratelimit-limit-month: 10000
3 < ratelimit-remaining-month: 7184
3 < x-ratelimit-limit-month: 10000
3 < x-ratelimit-remaining-month: 7184
3 < uWebSockets: 20
{"collection":{"id":"4f791789-4066-417b-be63-b52e2129ff88","uid":"32384855-4f791789-4066-417b-be63-b52e2129ff88"}}

17:13:16.015 [pool-2-thread-3] INFO  com.intuit.karate - karate.env system property was: null 
17:13:16.192 [pool-2-thread-3] DEBUG com.intuit.karate - request:
1 > POST https://api.getpostman.com/workspaces
1 > x-api-key: PMAK-67a1fd6a1bd33e0001398b39-8f7df1a19b801ffe2ebdd25b9b6fc3bdfb
1 > Content-Type: application/json; charset=UTF-8
1 > Content-Length: 119
1 > Host: api.getpostman.com
1 > Connection: Keep-Alive
1 > User-Agent: Apache-HttpClient/4.5.14 (Java/17.0.10)
1 > Accept-Encoding: gzip,deflate
{"workspace":{"name":"AnotherWorkSpace","type":"test","description":"AnotherDescription","visibilityStatus":"private"}}

17:13:16.515 [pool-2-thread-5] DEBUG com.intuit.karate - response time in milliseconds: 1191
1 < 400
1 < Date: Thu, 13 Feb 2025 11:43:15 GMT
1 < Content-Type: application/json; charset=utf-8
1 < Content-Length: 100
1 < Connection: keep-alive
1 < Server: nginx
1 < x-frame-options: deny
1 < x-xss-protection: 1; mode=block
1 < x-content-type-options: nosniff
1 < referrer-policy: no-referrer-when-downgrade
1 < access-control-allow-origin: *
1 < access-control-allow-methods: GET,POST,PUT,DELETE
1 < access-control-allow-headers: content-type,x-api-key
1 < access-control-allow-credentials: false
1 < x-ratelimit-limit: 300
1 < x-ratelimit-reset: 55
1 < x-ratelimit-remaining: 286
1 < ratelimit: limit=300, remaining=286, reset=55
1 < ratelimit-policy: 300;w=60
1 < ratelimit-limit: 300
1 < ratelimit-remaining: 286
1 < ratelimit-reset: 55
1 < ratelimit-limit-month: 10000
1 < ratelimit-remaining-month: 7180
1 < x-ratelimit-limit-month: 10000
1 < x-ratelimit-remaining-month: 7180
1 < uWebSockets: 20
{"error":{"name":"invalidParamError","message":"body.name should NOT be shorter than 1 characters"}}

17:13:16.532 [pool-2-thread-5] INFO  com.intuit.karate - karate.env system property was: null 
17:13:16.541 [pool-2-thread-4] DEBUG com.intuit.karate - response time in milliseconds: 994
1 < 400
1 < Date: Thu, 13 Feb 2025 11:43:15 GMT
1 < Content-Type: application/json; charset=utf-8
1 < Content-Length: 117
1 < Connection: keep-alive
1 < Server: nginx
1 < x-frame-options: deny
1 < x-xss-protection: 1; mode=block
1 < x-content-type-options: nosniff
1 < referrer-policy: no-referrer-when-downgrade
1 < access-control-allow-origin: *
1 < access-control-allow-methods: GET,POST,PUT,DELETE
1 < access-control-allow-headers: content-type,x-api-key
1 < access-control-allow-credentials: false
1 < x-ratelimit-limit: 300
1 < x-ratelimit-reset: 55
1 < x-ratelimit-remaining: 285
1 < ratelimit: limit=300, remaining=285, reset=55
1 < ratelimit-policy: 300;w=60
1 < ratelimit-limit: 300
1 < ratelimit-remaining: 285
1 < ratelimit-reset: 55
1 < ratelimit-limit-month: 10000
1 < ratelimit-remaining-month: 7179
1 < x-ratelimit-limit-month: 10000
1 < x-ratelimit-remaining-month: 7179
1 < uWebSockets: 20
{"error":{"name":"invalidParamError","message":"body.visibilityStatus should be equal to one of the allowed values"}}

17:13:16.559 [pool-2-thread-4] INFO  com.intuit.karate - karate.env system property was: null 
17:13:16.618 [pool-2-thread-5] DEBUG com.intuit.karate - request:
1 > POST https://api.getpostman.com/workspaces
1 > x-api-key: PMAK-67a1fd6a1bd33e0001398b39-8f7df1a19b801ffe2ebdd25b9b6fc3bdfb
1 > Content-Type: application/json; charset=UTF-8
1 > Content-Length: 119
1 > Host: api.getpostman.com
1 > Connection: Keep-Alive
1 > User-Agent: Apache-HttpClient/4.5.14 (Java/17.0.10)
1 > Accept-Encoding: gzip,deflate
{"workspace":{"name":"AnotherWorkSpace","type":"test","description":"AnotherDescription","visibilityStatus":"private"}}

17:13:16.683 [pool-2-thread-4] DEBUG com.intuit.karate - request:
1 > POST https://api.getpostman.com/workspaces
1 > x-api-key: PMAK-67a1fd6a1bd33e0001398b39-8f7df1a19b801ffe2ebdd25b9b6fc3bdfb
1 > Content-Type: application/json; charset=UTF-8
1 > Content-Length: 160
1 > Host: api.getpostman.com
1 > Connection: Keep-Alive
1 > User-Agent: Apache-HttpClient/4.5.14 (Java/17.0.10)
1 > Accept-Encoding: gzip,deflate
{"workspace":{"name":"Clifford Conklyn","type":"personal","description":"Ny Sar","visibilityStatus":"A lion doesn't concern itself with the opinion of sheep."}}

17:13:16.685 [pool-2-thread-2] DEBUG com.intuit.karate - response time in milliseconds: 916
1 < 400
1 < Date: Thu, 13 Feb 2025 11:43:16 GMT
1 < Content-Type: application/json; charset=utf-8
1 < Content-Length: 117
1 < Connection: keep-alive
1 < Server: nginx
1 < x-frame-options: deny
1 < x-xss-protection: 1; mode=block
1 < x-content-type-options: nosniff
1 < referrer-policy: no-referrer-when-downgrade
1 < access-control-allow-origin: *
1 < access-control-allow-methods: GET,POST,PUT,DELETE
1 < access-control-allow-headers: content-type,x-api-key
1 < access-control-allow-credentials: false
1 < x-ratelimit-limit: 300
1 < x-ratelimit-reset: 54
1 < x-ratelimit-remaining: 284
1 < ratelimit: limit=300, remaining=284, reset=54
1 < ratelimit-policy: 300;w=60
1 < ratelimit-limit: 300
1 < ratelimit-remaining: 284
1 < ratelimit-reset: 54
1 < ratelimit-limit-month: 10000
1 < ratelimit-remaining-month: 7178
1 < x-ratelimit-limit-month: 10000
1 < x-ratelimit-remaining-month: 7178
1 < uWebSockets: 20
{"error":{"name":"invalidParamError","message":"body.visibilityStatus should be equal to one of the allowed values"}}

17:13:16.699 [pool-2-thread-2] INFO  com.intuit.karate - karate.env system property was: null 
17:13:17.139 [pool-2-thread-3] DEBUG com.intuit.karate - response time in milliseconds: 944
1 < 400
1 < Date: Thu, 13 Feb 2025 11:43:16 GMT
1 < Content-Type: application/json; charset=utf-8
1 < Content-Length: 117
1 < Connection: keep-alive
1 < Server: nginx
1 < x-frame-options: deny
1 < x-xss-protection: 1; mode=block
1 < x-content-type-options: nosniff
1 < referrer-policy: no-referrer-when-downgrade
1 < access-control-allow-origin: *
1 < access-control-allow-methods: GET,POST,PUT,DELETE
1 < access-control-allow-headers: content-type,x-api-key
1 < access-control-allow-credentials: false
1 < x-ratelimit-limit: 300
1 < x-ratelimit-reset: 54
1 < x-ratelimit-remaining: 283
1 < ratelimit: limit=300, remaining=283, reset=54
1 < ratelimit-policy: 300;w=60
1 < ratelimit-limit: 300
1 < ratelimit-remaining: 283
1 < ratelimit-reset: 54
1 < ratelimit-limit-month: 10000
1 < ratelimit-remaining-month: 7177
1 < x-ratelimit-limit-month: 10000
1 < x-ratelimit-remaining-month: 7177
1 < uWebSockets: 20
{"error":{"name":"invalidParamError","message":"body.visibilityStatus should be equal to one of the allowed values"}}

17:13:17.145 [pool-2-thread-3] INFO  com.intuit.karate - karate.env system property was: null 
17:13:17.609 [pool-2-thread-5] DEBUG com.intuit.karate - response time in milliseconds: 988
1 < 400
1 < Date: Thu, 13 Feb 2025 11:43:17 GMT
1 < Content-Type: application/json; charset=utf-8
1 < Content-Length: 117
1 < Connection: keep-alive
1 < Server: nginx
1 < x-frame-options: deny
1 < x-xss-protection: 1; mode=block
1 < x-content-type-options: nosniff
1 < referrer-policy: no-referrer-when-downgrade
1 < access-control-allow-origin: *
1 < access-control-allow-methods: GET,POST,PUT,DELETE
1 < access-control-allow-headers: content-type,x-api-key
1 < access-control-allow-credentials: false
1 < x-ratelimit-limit: 300
1 < x-ratelimit-reset: 54
1 < x-ratelimit-remaining: 282
1 < ratelimit: limit=300, remaining=282, reset=54
1 < ratelimit-policy: 300;w=60
1 < ratelimit-limit: 300
1 < ratelimit-remaining: 282
1 < ratelimit-reset: 54
1 < ratelimit-limit-month: 10000
1 < ratelimit-remaining-month: 7176
1 < x-ratelimit-limit-month: 10000
1 < x-ratelimit-remaining-month: 7176
1 < uWebSockets: 20
{"error":{"name":"invalidParamError","message":"body.visibilityStatus should be equal to one of the allowed values"}}

17:13:17.615 [pool-2-thread-5] INFO  com.intuit.karate - karate.env system property was: null 
17:13:17.621 [pool-2-thread-5] DEBUG com.intuit.karate - request:
1 > GET https://api.getpostman.com/workspaces
1 > x-api-key: PMAK-67a1fd6a1bd33e0001398b39-8f7df1a19b801ffe2ebdd25b9b6fc3bdfb
1 > Host: api.getpostman.com
1 > Connection: Keep-Alive
1 > User-Agent: Apache-HttpClient/4.5.14 (Java/17.0.10)
1 > Accept-Encoding: gzip,deflate


17:13:17.887 [pool-2-thread-4] DEBUG com.intuit.karate - response time in milliseconds: 1201
1 < 200
1 < Date: Thu, 13 Feb 2025 11:43:17 GMT
1 < Content-Type: application/json; charset=utf-8
1 < Content-Length: 85
1 < Connection: keep-alive
1 < Server: nginx
1 < x-frame-options: deny
1 < x-xss-protection: 1; mode=block
1 < x-content-type-options: nosniff
1 < referrer-policy: no-referrer-when-downgrade
1 < access-control-allow-origin: *
1 < access-control-allow-methods: GET,POST,PUT,DELETE
1 < access-control-allow-headers: content-type,x-api-key
1 < access-control-allow-credentials: false
1 < x-ratelimit-limit: 300
1 < x-ratelimit-reset: 54
1 < x-ratelimit-remaining: 281
1 < ratelimit: limit=300, remaining=281, reset=54
1 < ratelimit-policy: 300;w=60
1 < ratelimit-limit: 300
1 < ratelimit-remaining: 281
1 < ratelimit-reset: 54
1 < ratelimit-limit-month: 10000
1 < ratelimit-remaining-month: 7175
1 < x-ratelimit-limit-month: 10000
1 < x-ratelimit-remaining-month: 7175
1 < uWebSockets: 20
{"workspace":{"id":"34aa0352-25dc-4a08-bcc2-d71c3c97fe4c","name":"Clifford Conklyn"}}

17:13:17.893 [pool-2-thread-4] INFO  com.intuit.karate - karate.env system property was: null 
17:13:17.895 [pool-2-thread-4] DEBUG com.intuit.karate - request:
1 > GET https://api.getpostman.com/workspaces
1 > x-api-key: PMAK-678a166c5137bc00014b8607-58366433607256c9dccf
1 > Host: api.getpostman.com
1 > Connection: Keep-Alive
1 > User-Agent: Apache-HttpClient/4.5.14 (Java/17.0.10)
1 > Accept-Encoding: gzip,deflate


17:13:18.650 [pool-2-thread-2] INFO  com.intuit.karate - karate.env system property was: null 
17:13:18.691 [pool-2-thread-2] DEBUG com.intuit.karate - request:
1 > POST https://api.getpostman.com/workspaces
1 > x-api-key: PMAK-67a1fd6a1bd33e0001398b39-8f7df1a19b801ffe2ebdd25b9b6fc3bdfb
1 > Content-Type: application/json; charset=UTF-8
1 > Content-Length: 155
1 > Host: api.getpostman.com
1 > Connection: Keep-Alive
1 > User-Agent: Apache-HttpClient/4.5.14 (Java/17.0.10)
1 > Accept-Encoding: gzip,deflate
{"workspace":{"name":"Jeyne Beesbury","type":"personal","description":"Volantis","visibilityStatus":"When you play a game of thrones you win or you die."}}

17:13:18.707 [pool-2-thread-4] DEBUG com.intuit.karate - response time in milliseconds: 810
1 < 401
1 < Date: Thu, 13 Feb 2025 11:43:18 GMT
1 < Content-Type: application/json; charset=utf-8
1 < Content-Length: 120
1 < Connection: keep-alive
1 < Server: nginx
1 < x-frame-options: deny
1 < x-xss-protection: 1; mode=block
1 < x-content-type-options: nosniff
1 < referrer-policy: no-referrer-when-downgrade
1 < access-control-allow-origin: *
1 < access-control-allow-methods: GET,POST,PUT,DELETE
1 < access-control-allow-headers: content-type,x-api-key
1 < access-control-allow-credentials: false
1 < uWebSockets: 20
{"error":{"name":"AuthenticationError","message":"Invalid API Key. Every request requires a valid API Key to be sent."}}

17:13:18.712 [pool-2-thread-4] INFO  com.intuit.karate - karate.env system property was: null 
17:13:18.715 [pool-2-thread-4] DEBUG com.intuit.karate - request:
1 > POST https://api.getpostman.com/workspaces
1 > x-api-key: PMAK-67a1fd6a1bd33e0001398b39-8f7df1a19b801ffe2ebdd25b9b6fc3bdfb
1 > Content-Type: application/json; charset=UTF-8
1 > Content-Length: 92
1 > Host: api.getpostman.com
1 > Connection: Keep-Alive
1 > User-Agent: Apache-HttpClient/4.5.14 (Java/17.0.10)
1 > Accept-Encoding: gzip,deflate
{"workspace":{"name":"karateWorkSpace","type":"personal","description":"MYWorkSpaceKarate"}}

SQLServerResultSet:1
17:13:18.808 [pool-2-thread-3] INFO  com.intuit.karate - [print] Alberta Charleson 
17:13:19.217 [pool-2-thread-5] DEBUG com.intuit.karate - response time in milliseconds: 1595
1 < 200
1 < Date: Thu, 13 Feb 2025 11:43:18 GMT
1 < Content-Type: application/json; charset=utf-8
1 < Content-Length: 32993
1 < Connection: keep-alive
1 < Server: nginx
1 < x-frame-options: deny
1 < x-xss-protection: 1; mode=block
1 < x-content-type-options: nosniff
1 < referrer-policy: no-referrer-when-downgrade
1 < access-control-allow-origin: *
1 < access-control-allow-methods: GET,POST,PUT,DELETE
1 < access-control-allow-headers: content-type,x-api-key
1 < access-control-allow-credentials: false
1 < x-ratelimit-limit: 10
1 < x-ratelimit-reset: 4
1 < x-ratelimit-remaining: 8
1 < ratelimit: limit=10, remaining=8, reset=4
1 < ratelimit-policy: 10;w=10
1 < ratelimit-limit: 10
1 < ratelimit-remaining: 8
1 < ratelimit-reset: 4
1 < ratelimit-limit-month: 10000
1 < ratelimit-remaining-month: 7174
1 < x-ratelimit-limit-month: 10000
1 < x-ratelimit-remaining-month: 7174
1 < uWebSockets: 20
{"workspaces":[{"id":"a857ced1-0faa-4156-81e0-c378ac28bb9e","name":"Connex_QA","type":"team","visibility":"team","createdBy":"20182173"},{"id":"470c38f4-8ea0-4086-8717-c9e3cabc4352","name":"My Workspace","type":"personal","visibility":"personal","createdBy":"32384855"},{"id":"bcd66e31-511a-4ce7-9478-8d54616c1e17","name":"shashikumar s","type":"personal","visibility":"personal","createdBy":"32384855"},{"id":"bb606481-d991-4bfa-a64b-6b10dd754b2d","name":"Garth Greyfeather","type":"personal","visibility":"personal","createdBy":"32384855"},{"id":"3f1603af-d4d8-4cfd-afdc-0c73ccd0264e","name":"Ryam Florent","type":"personal","visibility":"personal","createdBy":"32384855"},{"id":"44eb6607-e396-4fc6-8f67-34de92241728","name":"Harbert","type":"personal","visibility":"personal","createdBy":"32384855"},{"id":"578f8341-0e9f-4e16-b3b1-a09890135c8d","name":"Mudge","type":"personal","visibility":"personal","createdBy":"32384855"},{"id":"b5e38d18-3287-4405-a46d-b1e669bba49f","name":"Mezzara","type":"personal","visibility":"personal","createdBy":"32384855"},{"id":"66335c91-308a-47e6-9b52-e0750c05a9f3","name":"Arson","type":"personal","visibility":"personal","createdBy":"32384855"},{"id":"708a5d5f-673a-47e0-9316-f48e6050ebb5","name":"Grazhar zo Galare","type":"personal","visibility":"personal","createdBy":"32384855"},{"id":"ced97b9b-bc79-4424-969f-3a02f252d343","name":"Ferrego Antaryon","type":"personal","visibility":"personal","createdBy":"32384855"},{"id":"95deee0f-4423-4ac9-9287-2d7e40110e33","name":"Alysane Mormont","type":"personal","visibility":"personal","createdBy":"32384855"},{"id":"1881e2a5-eaf5-4179-8885-00cc3e6c9e7d","name":"Liane Vance","type":"personal","visibility":"personal","createdBy":"32384855"},{"id":"716d42ac-3b1e-414d-9301-17c243ecdc84","name":"Baelor Hightower","type":"personal","visibility":"personal","createdBy":"32384855"},{"id":"dba0b99b-d57e-4abf-93f9-a285b4a3e991","name":"Craghas Drahar","type":"personal","visibility":"personal","createdBy":"32384855"},{"id":"e472a966-ebec-4ae9-8421-9ce6b20d9e0f","name":"Dake","type":"personal","visibility":"personal","createdBy":"32384855"},{"id":"63197b65-0ddd-4169-9d11-b3575ef81709","name":"MyWorkSpace","type":"personal","visibility":"personal","createdBy":"32384855"},{"id":"3705373a-6f32-4a37-a80b-acd3b3aaef32","name":"Redwyn","type":"personal","visibility":"personal","createdBy":"32384855"},{"id":"0ed2badc-71ae-40a6-a0e1-36c7e8f72238","name":"Leobald Tallhart","type":"personal","visibility":"personal","createdBy":"32384855"},{"id":"e50848be-35dd-4b9a-8550-8a21919a4187","name":"Denys Arryn","type":"personal","visibility":"personal","createdBy":"32384855"},{"id":"81557284-11be-4ee6-9718-36aa888cfb91","name":"Daemon Sand","type":"personal","visibility":"personal","createdBy":"32384855"},{"id":"a09a00d4-7e96-40c4-8328-681a48b4b217","name":"Tyland Lannister","type":"personal","visibility":"personal","createdBy":"32384855"},{"id":"69b2aea9-feea-411b-aa00-cf0107f2e56f","name":"Hairy Hal","type":"personal","visibility":"personal","createdBy":"32384855"},{"id":"75de6e19-fa2d-4657-98fc-e5bc4bcd1f53","name":"Ellaria Sand","type":"personal","visibility":"personal","createdBy":"32384855"},{"id":"49cd56bf-a356-4ca5-9bae-55c431ef32db","name":"Owen Norrey","type":"personal","visibility":"personal","createdBy":"32384855"},{"id":"976d3120-8568-4590-bc6e-ffe2c96b0740","name":"Alvyn Sharp","type":"personal","visibility":"personal","createdBy":"32384855"},{"id":"c0abeb7e-e718-4052-89ce-7ccfce9a2112","name":"Mero","type":"personal","visibility":"personal","createdBy":"32384855"},{"id":"b02d682a-7d45-4983-8069-f668a0db0554","name":"Lyonel Frey","type":"personal","visibility":"personal","createdBy":"32384855"},{"id":"8c0b6eb8-fc4b-452a-bb13-0f3915f5e71b","name":"Alysane Mormont","type":"personal","visibility":"personal","createdBy":"32384855"},{"id":"f04e548e-4c2b-4bf1-82ad-adbe0b9a4f21","name":"Cohollo","type":"personal","visibility":"personal","createdBy":"32384855"},{"id":"e10efeba-faa7-43e9-875b-608ac270454f","name":"Talea","type":"personal","visibility":"personal","createdBy":"32384855"},{"id":"4d0a2161-aa25-4356-851f-70b1983b845b","name":"Enger","type":"personal","visibility":"personal","createdBy":"32384855"},{"id":"19739756-7b41-4ae5-bfc4-5f5da6fc7a36","name":"Mark Ryswell","type":"personal","visibility":"personal","createdBy":"32384855"},{"id":"61471439-1868-4ae1-b54d-60e45df5149f","name":"Jason Lannister","type":"personal","visibility":"personal","createdBy":"32384855"},{"id":"26181d5c-9631-4818-b475-f4f9863cebb6","name":"Eden Risley","type":"personal","visibility":"personal","createdBy":"32384855"},{"id":"3f9cfc74-3e35-4807-8b58-05481cd7cddc","name":"Trebor Jordayne","type":"personal","visibility":"personal","createdBy":"32384855"},{"id":"e9c2bd0b-acb3-4926-a723-44a4c0dd748f","name":"Damion Lannister","type":"personal","visibility":"personal","createdBy":"32384855"},{"id":"78d3423a-3d02-46bf-adb2-ec09e27ec0ef","name":"Ormond Osgrey","type":"personal","visibility":"personal","createdBy":"32384855"},{"id":"615e3606-36ee-467b-aa92-d1782f050e1b","name":"Harmond Umber","type":"personal","visibility":"personal","createdBy":"32384855"},{"id":"1a022387-98fe-4856-9528-8f7c8e8763ec","name":"Dagmer","type":"personal","visibility":"personal","createdBy":"32384855"},{"id":"0d291028-e450-4468-929c-cb3d15430514","name":"Becca the Baker","type":"personal","visibility":"personal","createdBy":"32384855"},{"id":"9559c573-d6e4-41d3-8c04-0b9c3ac56035","name":"Robin Greyjoy","type":"personal","visibility":"personal","createdBy":"32384855"},{"id":"6a84d38f-b03b-4095-9853-86b17c831ef3","name":"Steffon Frey","type":"personal","visibility":"personal","createdBy":"32384855"},{"id":"1d2fa5e7-1764-462d-8859-80ac15429223","name":"Barbrey Dustin","type":"personal","visibility":"personal","createdBy":"32384855"},{"id":"742a6f5b-4361-4c90-87d4-648d4a642813","name":"Byan Votyris","type":"personal","visibility":"personal","createdBy":"32384855"},{"id":"3eff5fe5-28c5-4db0-bc58-36fd5014877e","name":"Sherrit","type":"personal","visibility":"personal","createdBy":"32384855"},{"id":"f7d7bde1-671d-4fd7-b3f4-9043cc3e3ca4","name":"Argrave the Defiant","type":"personal","visibility":"personal","createdBy":"32384855"},{"id":"0270347c-7c55-44ff-be0a-0875ab22de9f","name":"Ronnel Arryn","type":"personal","visibility":"personal","createdBy":"32384855"},{"id":"b8067cd0-b5b3-40ca-8ac8-2e480d30a0d5","name":"Barre","type":"personal","visibility":"personal","createdBy":"32384855"},{"id":"626a600f-68d4-406e-8d98-78c9f25a63d2","name":"Umfred","type":"personal","visibility":"personal","createdBy":"32384855"},{"id":"5bf0d030-5adc-4978-a568-4a355061244a","name":"Jyanna Frey","type":"personal","visibility":"personal","createdBy":"32384855"},{"id":"eb259593-61b9-4357-bbd0-7fd0486ba133","name":"Tregar Ormollen","type":"personal","visibility":"personal","createdBy":"32384855"},{"id":"3527ae5f-0c96-4189-ac5e-1acca8b4dd49","name":"Tristifer V Mudd","type":"personal","visibility":"personal","createdBy":"32384855"},{"id":"f6ba387d-fed3-4640-b08b-4d830b919014","name":"Jate","type":"personal","visibility":"personal","createdBy":"32384855"},{"id":"9e2e5812-5e75-4bea-8452-87ec48ab9a56","name":"Daenerys Targaryen","type":"personal","visibility":"personal","createdBy":"32384855"},{"id":"a5351659-2817-4046-a36a-0e9cc048b6d2","name":"Jon Connington","type":"personal","visibility":"personal","createdBy":"32384855"},{"id":"ff2ea438-89a8-4f64-b817-70cafad35ac2","name":"Dykk Harlaw","type":"personal","visibility":"personal","createdBy":"32384855"},{"id":"2168c5e0-b8ee-4e4f-a075-4c6e17bf0f70","name":"Gulian Qorgyle","type":"personal","visibility":"personal","createdBy":"32384855"},{"id":"33ade657-02d0-43ca-a3a0-8ee28d657aca","name":"Hoarfrost Umber","type":"personal","visibility":"personal","createdBy":"32384855"},{"id":"c92d09db-716a-4868-9e6e-c9bde841204f","name":"Tal Toraq","type":"personal","visibility":"personal","createdBy":"32384855"},{"id":"bd723e0a-1f33-4101-a638-e9e2750cd3a3","name":"Mandon Moore","type":"personal","visibility":"personal","createdBy":"32384855"},{"id":"861b8eca-33ef-4a4a-a8ba-9677fae1a1e2","name":"Hilmar Drumm","type":"personal","visibility":"personal","createdBy":"32384855"},{"id":"7d30cbef-e6b4-4e01-9008-bb6869bf0979","name":"Hugo Wull","type":"personal","visibility":"personal","createdBy":"32384855"},{"id":"5fba8390-c34c-4376-ab8d-1dc66c53b5de","name":"Ben Bones","type":"personal","visibility":"personal","createdBy":"32384855"},{"id":"71719412-7fc8-4167-bfc5-34149bf60217","name":"Brown Bernarr","type":"personal","visibility":"personal","createdBy":"32384855"},{"id":"1ebdb3bc-59be-4d61-b055-5836c17c3587","name":"Bump","type":"personal","visibility":"personal","createdBy":"32384855"},{"id":"e3118fe6-0abe-4521-8998-c83d61fb7d2f","name":"Ravella Swann","type":"personal","visibility":"personal","createdBy":"32384855"},{"id":"6710a765-1353-451a-b28e-549874f187fc","name":"Balon Swann","type":"personal","visibility":"personal","createdBy":"32384855"},{"id":"f2aa6ed4-fbcf-4976-a5bc-c36214c78ad2","name":"Carrot","type":"personal","visibility":"personal","createdBy":"32384855"},{"id":"22ddc869-9088-4950-80e9-59765157fced","name":"Mellara Rivers","type":"personal","visibility":"personal","createdBy":"32384855"},{"id":"0c675a54-20b1-4247-829b-b9f77cd91e48","name":"Spotted Cat","type":"personal","visibility":"personal","createdBy":"32384855"},{"id":"13ec11f6-c2b9-47fb-9a72-39d0b448c44a","name":"Alyn Frey","type":"personal","visibility":"personal","createdBy":"32384855"},{"id":"33cba677-184c-4698-a0e7-274c8ab46f5e","name":"Jon Fossoway","type":"personal","visibility":"personal","createdBy":"32384855"},{"id":"24186e53-6e9f-4592-8b75-2d9857e065f3","name":"Ronel Rivers","type":"personal","visibility":"personal","createdBy":"32384855"},{"id":"4dab13da-3fb1-467b-be20-2fbdf223cfd4","name":"Lord Ashford","type":"personal","visibility":"personal","createdBy":"32384855"},{"id":"06e9e26d-72c5-4483-b4eb-6c14579f4318","name":"orville robel","type":"personal","visibility":"personal","createdBy":"32384855"},{"id":"33d63a4c-c69c-44b5-b77f-1ada2edfeb35","name":"updateMyWorkSpace","type":"personal","visibility":"personal","createdBy":"32384855"},{"id":"80dd5d3c-4606-4652-ad07-87a7525f8eac","name":"MyWorkSpace","type":"personal","visibility":"personal","createdBy":"32384855"},{"id":"873d4373-3df6-44ed-b4ef-5d2583419101","name":"updateMyWorkSpace","type":"personal","visibility":"personal","createdBy":"32384855"},{"id":"55937c78-8a5c-463d-810d-c37cbcfd0cd0","name":"updateMyWorkSpace","type":"personal","visibility":"personal","createdBy":"32384855"},{"id":"e79fabd2-9f1b-4350-b715-43e7fd03dcfc","name":"MyWorkSpace","type":"personal","visibility":"personal","createdBy":"32384855"},{"id":"ab7373d1-fec4-4ce8-9a09-89ac17259a3c","name":"MyWorkSpace","type":"personal","visibility":"personal","createdBy":"32384855"},{"id":"16eac84b-82e8-4c9b-987a-3a98f185c8be","name":"Theomar Smallwood","type":"personal","visibility":"personal","createdBy":"32384855"},{"id":"9b38ab1a-a558-458e-814b-d474b94fd209","name":"Bethany Bolton","type":"personal","visibility":"personal","createdBy":"32384855"},{"id":"1e2e088b-9e5f-4477-9746-9e8143f1356f","name":"Simon Toyne","type":"personal","visibility":"personal","createdBy":"32384855"},{"id":"c04287d1-1614-4202-9e52-9b678ea52491","name":"Dontos Hollard","type":"personal","visibility":"personal","createdBy":"32384855"},{"id":"48637c81-9c87-40c2-80f2-7a6078303610","name":"Ralf","type":"personal","visibility":"personal","createdBy":"32384855"},{"id":"ed7b47d5-0df8-418b-b439-6c51858b4d10","name":"Enger","type":"personal","visibility":"personal","createdBy":"32384855"},{"id":"589b9f5b-707b-4aa8-bf7b-1df74ecc6e88","name":"Alesander Frey","type":"personal","visibility":"personal","createdBy":"32384855"},{"id":"22fd9fca-0378-4369-82a6-54172fe6df45","name":"Sawane Botley","type":"personal","visibility":"personal","createdBy":"32384855"},{"id":"4424ffd7-b5bc-4d51-9dfd-3a387d88f554","name":"Shierle Swyft","type":"personal","visibility":"personal","createdBy":"32384855"},{"id":"73d315c2-0ca7-404d-a61d-c23b7433f12d","name":"Tallad","type":"personal","visibility":"personal","createdBy":"32384855"},{"id":"3da91e6f-f42b-4093-b0ec-0b62cbef51ec","name":"Lewyn Martell","type":"personal","visibility":"personal","createdBy":"32384855"},{"id":"c8399960-3e1c-4e9a-b7c4-496fa8b995f5","name":"Dontos Hollard","type":"personal","visibility":"personal","createdBy":"32384855"},{"id":"ec66cdc5-b62c-4a05-a024-a16c985d2296","name":"Artys Arryn","type":"personal","visibility":"personal","createdBy":"32384855"},{"id":"6ea7ab12-b927-497c-a12b-630eded122e2","name":"Haegon Blackfyre","type":"personal","visibility":"personal","createdBy":"32384855"},{"id":"4ae09b5e-1e0c-4678-9aa0-3cfb45bb62f9","name":"Garth Greyfeather","type":"personal","visibility":"personal","createdBy":"32384855"},{"id":"2c27e32b-2808-42a9-8baf-67973d80c876","name":"Oznak zo Pahl","type":"personal","visibility":"personal","createdBy":"32384855"},{"id":"cec7c2af-b80e-4748-8c17-9d8b37a0ee45","name":"Abelar Hightower","type":"personal","visibility":"personal","createdBy":"32384855"},{"id":"c8da65fb-5ba0-42cb-8536-5ad7f75408ea","name":"Flement Brax","type":"personal","visibility":"personal","createdBy":"32384855"},{"id":"ef1fc347-42ef-40b6-b5f3-3f46a77cab88","name":"Jeyne Lothston","type":"personal","visibility":"personal","createdBy":"32384855"},{"id":"a99a4ee6-4470-491e-83ec-6e463e12ead6","name":"Eddard Karstark","type":"personal","visibility":"personal","createdBy":"32384855"},{"id":"e0f28954-d86b-4d9d-bf5c-2fe65852648c","name":"karateWorkSpace","type":"personal","visibility":"personal","createdBy":"32384855"},{"id":"13374744-2566-4595-8bea-3f9791f6a8ae","name":"karateWorkSpace","type":"personal","visibility":"personal","createdBy":"32384855"},{"id":"bc7c0ca6-5885-4c5c-b442-6709d3c41f91","name":"karateWorkSpace","type":"personal","visibility":"personal","createdBy":"32384855"},{"id":"1cce0b97-44aa-4d79-a059-ab92cad11f0e","name":"karateWorkSpace","type":"personal","visibility":"personal","createdBy":"32384855"},{"id":"d9a3c17c-3822-4e8d-b366-2c9b51a717ee","name":"karateWorkSpace","type":"personal","visibility":"personal","createdBy":"32384855"},{"id":"3dfccfbf-3bec-41f9-a319-f96dde51b4c2","name":"karateWorkSpace","type":"personal","visibility":"personal","createdBy":"32384855"},{"id":"c39dd981-734b-4b55-b4e6-b33023e02c60","name":"karateWorkSpace","type":"personal","visibility":"personal","createdBy":"32384855"},{"id":"eac36876-9e39-4d09-a32b-2e31ce8505ea","name":"karateWorkSpace","type":"personal","visibility":"personal","createdBy":"32384855"},{"id":"ccc84b0f-e3a4-49bd-9e38-618f1f5caf93","name":"karateWorkSpace","type":"personal","visibility":"personal","createdBy":"32384855"},{"id":"f858daf6-f7c3-4f69-a93b-d51c888eb7aa","name":"karateWorkSpace","type":"personal","visibility":"personal","createdBy":"32384855"},{"id":"6f0d3354-f236-4471-983f-269e3737971a","name":"karateWorkSpace","type":"personal","visibility":"personal","createdBy":"32384855"},{"id":"1af4db40-bdab-4aad-9eb2-0bd79bddff66","name":"karateWorkSpace","type":"personal","visibility":"personal","createdBy":"32384855"},{"id":"1a69d2d3-4098-43fe-ba71-ceed58a941ae","name":"karateWorkSpace","type":"personal","visibility":"personal","createdBy":"32384855"},{"id":"45db71ab-8559-4c9d-ac85-61a6d67a3be3","name":"karateWorkSpace","type":"personal","visibility":"personal","createdBy":"32384855"},{"id":"a85cf555-1a85-4289-b298-60063647e5ae","name":"karateWorkSpace","type":"personal","visibility":"personal","createdBy":"32384855"},{"id":"b4a1a593-c0c1-41b2-a9e8-d0e190b78b31","name":"karateWorkSpace","type":"personal","visibility":"personal","createdBy":"32384855"},{"id":"48f7a20e-3d2b-4322-b019-87ad2573fd9c","name":"Tyland Lannister","type":"personal","visibility":"personal","createdBy":"32384855"},{"id":"89e80bc9-b93c-4fb7-b142-d919a230f699","name":"Franklyn Frey","type":"personal","visibility":"personal","createdBy":"32384855"},{"id":"700334d5-5a2f-4869-92c0-55048ce74e73","name":"Hoarfrost Umber","type":"personal","visibility":"personal","createdBy":"32384855"},{"id":"906ed81a-d512-4cd4-b118-e51c7bfaad2a","name":"Asha Greyjoy","type":"personal","visibility":"personal","createdBy":"32384855"},{"id":"f43d61db-573a-4d28-8d31-8247fe5c465a","name":"karateWorkSpace","type":"personal","visibility":"personal","createdBy":"32384855"},{"id":"6ac513a9-bb61-43ae-84b0-5738f87e1f2c","name":"karateWorkSpace","type":"personal","visibility":"personal","createdBy":"32384855"},{"id":"151dc755-bb05-44f1-b687-ff33c32819e6","name":"karateWorkSpace","type":"personal","visibility":"personal","createdBy":"32384855"},{"id":"1617f603-2119-4a76-96e1-5b325aa6aca4","name":"karateWorkSpace","type":"personal","visibility":"personal","createdBy":"32384855"},{"id":"05b1f6f5-2faf-4220-95cb-912d985fae29","name":"Roone","type":"personal","visibility":"personal","createdBy":"32384855"},{"id":"b8e6e9b3-3189-4518-a41d-f6cf926183f5","name":"Jon Brax","type":"personal","visibility":"personal","createdBy":"32384855"},{"id":"37df2ee4-e595-4097-84d6-c98a56d5676e","name":"Othor","type":"personal","visibility":"personal","createdBy":"32384855"},{"id":"575ae20b-ba3f-48ec-b00a-fedaa7fd5d6e","name":"Roland Crakehall","type":"personal","visibility":"personal","createdBy":"32384855"},{"id":"42ee471e-944c-4805-b150-53ab377e6aa0","name":"karateWorkSpace","type":"personal","visibility":"personal","createdBy":"32384855"},{"id":"c195d865-68f7-4115-ace6-e2308c3193d2","name":"karateWorkSpace","type":"personal","visibility":"personal","createdBy":"32384855"},{"id":"d9f59931-0d5a-4e81-80a4-a81907f83d7d","name":"karateWorkSpace","type":"personal","visibility":"personal","createdBy":"32384855"},{"id":"cae3a156-655c-4611-a278-d5d716fc82e5","name":"karateWorkSpace","type":"personal","visibility":"personal","createdBy":"32384855"},{"id":"1daf4478-0faf-4c04-b8a4-cdcbfaeb8c49","name":"Jonos Frey","type":"personal","visibility":"personal","createdBy":"32384855"},{"id":"7455ea60-c329-41a8-ae23-62905d4608e8","name":"Viserys I Targaryen","type":"personal","visibility":"personal","createdBy":"32384855"},{"id":"d13c85dc-1dd4-4aef-a4e9-0189acbda06c","name":"karateWorkSpace","type":"personal","visibility":"personal","createdBy":"32384855"},{"id":"1ec18821-1a88-4e32-a2e1-9c20fd2deee9","name":"karateWorkSpace","type":"personal","visibility":"personal","createdBy":"32384855"},{"id":"40911190-a0a1-40ae-a486-1c9a296d4afe","name":"Squirrel","type":"personal","visibility":"personal","createdBy":"32384855"},{"id":"007152b0-bf2c-4c47-8614-8390eab64770","name":"Naerys Targaryen","type":"personal","visibility":"personal","createdBy":"32384855"},{"id":"271ccb7e-4380-4a56-86fc-d81dbe8c8922","name":"Tycho Nestoris","type":"personal","visibility":"personal","createdBy":"32384855"},{"id":"38b532fd-25dc-46ce-b3fa-71d66ea2c886","name":"Urron Greyiron","type":"personal","visibility":"personal","createdBy":"32384855"},{"id":"f91a10ee-3293-4fc8-9034-aa17760c881d","name":"karateWorkSpaceUpdated","type":"personal","visibility":"personal","createdBy":"32384855"},{"id":"0f4274f8-911e-4b38-b87a-813e7c954ada","name":"karateWorkSpaceUpdated","type":"personal","visibility":"personal","createdBy":"32384855"},{"id":"023930e8-cf52-4d49-b626-081a90180d4f","name":"karateWorkSpaceUpdated","type":"personal","visibility":"personal","createdBy":"32384855"},{"id":"4e6912ad-1d9a-46ef-a200-f72b5ddb93f6","name":"karateWorkSpaceUpdated","type":"personal","visibility":"personal","createdBy":"32384855"},{"id":"626a45d7-d638-43a5-b24f-dcd6db2958af","name":"karateWorkSpaceUpdated","type":"personal","visibility":"personal","createdBy":"32384855"},{"id":"39eba6f3-0fb6-4478-b77c-efdcb175f5ea","name":"karateWorkSpaceUpdated","type":"personal","visibility":"personal","createdBy":"32384855"},{"id":"b57bc4a6-04e3-456e-a17d-54b0f43a613f","name":"karateWorkSpaceUpdated","type":"personal","visibility":"personal","createdBy":"32384855"},{"id":"666d9d3b-9260-45d6-a054-c847b19bfe6f","name":"karateWorkSpaceUpdated","type":"personal","visibility":"personal","createdBy":"32384855"},{"id":"743d21c2-debd-4cf6-ae71-ade3f106a566","name":"karateWorkSpaceUpdated","type":"personal","visibility":"personal","createdBy":"32384855"},{"id":"028c0c11-f73f-4f8c-a14d-f97b6a213ed1","name":"karateWorkSpaceUpdated","type":"personal","visibility":"personal","createdBy":"32384855"},{"id":"a31b7633-d267-4a40-88b0-d9d4317da16f","name":"karateWorkSpace","type":"personal","visibility":"personal","createdBy":"32384855"},{"id":"1cc0171d-6807-4334-91de-614fa2fc8250","name":"karateWorkSpace","type":"personal","visibility":"personal","createdBy":"32384855"},{"id":"8c295335-6734-46c0-aa82-b025b554576e","name":"karateWorkSpace","type":"personal","visibility":"personal","createdBy":"32384855"},{"id":"c151b9ac-effe-4908-8e6a-a5be1053ac5f","name":"karateWorkSpace","type":"personal","visibility":"personal","createdBy":"32384855"},{"id":"f1a2b580-f5f3-45bd-baa9-508f5532b788","name":"karateWorkSpace","type":"personal","visibility":"personal","createdBy":"32384855"},{"id":"9e2da593-907b-4a4d-89dc-416545470c79","name":"karateWorkSpace","type":"personal","visibility":"personal","createdBy":"32384855"},{"id":"b3cb2a5f-0563-40b9-a6fe-0693c9bd2062","name":"Warren","type":"personal","visibility":"personal","createdBy":"32384855"},{"id":"57195ff9-e44f-44e6-bb53-c7a8a65900f6","name":"Devan Seaworth","type":"personal","visibility":"personal","createdBy":"32384855"},{"id":"284bb42c-9b3c-4e69-9c80-c5b0689ad442","name":"karateWorkSpace","type":"personal","visibility":"personal","createdBy":"32384855"},{"id":"61f011f0-e667-4cce-9ad1-7cd1ffd3dc5c","name":"karateWorkSpace","type":"personal","visibility":"personal","createdBy":"32384855"},{"id":"6ebf3994-487f-429f-98dd-feece89f3010","name":"karateWorkSpace","type":"personal","visibility":"personal","createdBy":"32384855"},{"id":"6cfc53d8-835a-4eb3-8d53-a7fd817e0c44","name":"karateWorkSpace","type":"personal","visibility":"personal","createdBy":"32384855"},{"id":"bc379047-858b-4247-a2f2-45c5e5759a3e","name":"Omer Blackberry","type":"personal","visibility":"personal","createdBy":"32384855"},{"id":"5a2d28f7-9fdf-4313-b2e6-f468d0b212da","name":"Harwin","type":"personal","visibility":"personal","createdBy":"32384855"},{"id":"646b9364-6258-4f70-b035-f2cb3c617e26","name":"karateWorkSpace","type":"personal","visibility":"personal","createdBy":"32384855"},{"id":"6521ed74-bdef-4fe8-81e7-0de41e51e06c","name":"karateWorkSpace","type":"personal","visibility":"personal","createdBy":"32384855"},{"id":"9c85c54d-ce28-43ea-8b3f-2892669688ba","name":"karateWorkSpace","type":"personal","visibility":"personal","createdBy":"32384855"},{"id":"2ceff8e9-70d1-4f65-bdb3-4019e00aa8ff","name":"karateWorkSpace","type":"personal","visibility":"personal","createdBy":"32384855"},{"id":"ff7d9fd6-3be3-4aff-8264-8994be239d5d","name":"Sawane Botley","type":"personal","visibility":"personal","createdBy":"32384855"},{"id":"a2ff5fa6-91bc-47ca-8d43-b3b399b2c1fa","name":"Nymella Toland","type":"personal","visibility":"personal","createdBy":"32384855"},{"id":"f6f0ff91-43a9-40f4-b729-16b47a524f57","name":"karateWorkSpace","type":"personal","visibility":"personal","createdBy":"32384855"},{"id":"21c1442c-8353-4a41-a7db-3bf379a9e17b","name":"karateWorkSpace","type":"personal","visibility":"personal","createdBy":"32384855"},{"id":"1c3ebca7-fb70-4829-b2e4-0675f8556125","name":"Preston Greenfield","type":"personal","visibility":"personal","createdBy":"32384855"},{"id":"adafdf32-9e30-43fd-b880-e19fede44944","name":"Wayn","type":"personal","visibility":"personal","createdBy":"32384855"},{"id":"140ebe31-13dc-4be6-b177-a0fc814e1539","name":"Ethan Glover","type":"personal","visibility":"personal","createdBy":"32384855"},{"id":"b60f4c6a-e4e5-409c-9bf7-24f58717266f","name":"Denyse Hightower","type":"personal","visibility":"personal","createdBy":"32384855"},{"id":"1e40eeee-312c-4ca3-bb98-9097693479ca","name":"Anguy","type":"personal","visibility":"personal","createdBy":"32384855"},{"id":"cf95d3c6-552f-4ce0-896c-cb674a3de5b3","name":"Grance Morrigen","type":"personal","visibility":"personal","createdBy":"32384855"},{"id":"c2ad83cf-19bc-46a3-8fbb-51f41a2a57a4","name":"Yohn Royce","type":"personal","visibility":"personal","createdBy":"32384855"},{"id":"38ffd7c4-0563-4263-a30e-366e89bb0ecc","name":"Ezzara","type":"personal","visibility":"personal","createdBy":"32384855"},{"id":"54ee3a38-c9ba-4eaf-8552-a1f71bbcb4ea","name":"Walder Frey","type":"personal","visibility":"personal","createdBy":"32384855"},{"id":"36cc80cd-5a1f-43d9-88ad-6e54f3f8098a","name":"karateWorkSpace","type":"personal","visibility":"personal","createdBy":"32384855"},{"id":"e2a98113-082a-4cce-9df7-b5bf6fd2a3a8","name":"karateWorkSpace","type":"personal","visibility":"personal","createdBy":"32384855"},{"id":"af2f4874-9c5b-4193-a41a-d4f2f0fe4990","name":"Buu","type":"personal","visibility":"personal","createdBy":"32384855"},{"id":"6dbcb9ec-6299-429c-9a0d-6697faca4cb5","name":"Sylas Flatnose","type":"personal","visibility":"personal","createdBy":"32384855"},{"id":"05d08dc3-bafb-43f0-b0c5-a01166494dea","name":"Biter","type":"personal","visibility":"personal","createdBy":"32384855"},{"id":"966a103c-9793-48e3-b7ad-a7ae0b3cf149","name":"Genna Lannister","type":"personal","visibility":"personal","createdBy":"32384855"},{"id":"46caad6a-9aa2-495e-89c0-bd32324516b7","name":"karateWorkSpace","type":"personal","visibility":"personal","createdBy":"32384855"},{"id":"e359fd89-f6cb-4bac-aae7-194dec753259","name":"karateWorkSpace","type":"personal","visibility":"personal","createdBy":"32384855"},{"id":"653b5cb1-1f56-4bba-8f0e-cfff018fea64","name":"karateWorkSpace","type":"personal","visibility":"personal","createdBy":"32384855"},{"id":"fdbd2613-1d71-491d-af59-513bbd7df850","name":"karateWorkSpace","type":"personal","visibility":"personal","createdBy":"32384855"},{"id":"0c0f2ca9-9a22-425a-8345-772d714744e2","name":"karateWorkSpace","type":"personal","visibility":"personal","createdBy":"32384855"},{"id":"11a893c2-073d-4ce3-820c-9cd0739ac5c9","name":"karateWorkSpace","type":"personal","visibility":"personal","createdBy":"32384855"},{"id":"ba823a98-bf86-4546-b9a3-f67a65242af2","name":"karateWorkSpace","type":"personal","visibility":"personal","createdBy":"32384855"},{"id":"34b5ad10-cf3f-4166-b840-ac213b641ecb","name":"karateWorkSpace","type":"personal","visibility":"personal","createdBy":"32384855"},{"id":"eb0411d2-0724-4e39-8439-b80ba4af7939","name":"karateWorkSpace","type":"personal","visibility":"personal","createdBy":"32384855"},{"id":"3dea3b8a-96d8-4579-bb69-96a76b362048","name":"karateWorkSpace","type":"personal","visibility":"personal","createdBy":"32384855"},{"id":"da47589e-797c-4f49-b277-4bafb90386a9","name":"karateWorkSpace","type":"personal","visibility":"personal","createdBy":"32384855"},{"id":"0b4094e8-cc4c-4477-a712-e63e1eac1f49","name":"karateWorkSpace","type":"personal","visibility":"personal","createdBy":"32384855"},{"id":"fa28e176-7996-4bcf-a21a-79e9c22e1eaf","name":"karateWorkSpace","type":"personal","visibility":"personal","createdBy":"32384855"},{"id":"eb7d89b0-548f-43b6-8378-edc41b31512c","name":"karateWorkSpace","type":"personal","visibility":"personal","createdBy":"32384855"},{"id":"f222f0ad-2d71-4031-8dc0-8a69357530ef","name":"karateWorkSpace","type":"personal","visibility":"personal","createdBy":"32384855"},{"id":"1e35a018-fb99-4d46-8e80-0fa3cfff8f06","name":"karateWorkSpace","type":"personal","visibility":"personal","createdBy":"32384855"},{"id":"e95552c9-86f2-41cb-8718-74476716662f","name":"karateWorkSpace","type":"personal","visibility":"personal","createdBy":"32384855"},{"id":"790a0124-e699-45e2-beea-c3b1261ba0cd","name":"karateWorkSpace","type":"personal","visibility":"personal","createdBy":"32384855"},{"id":"084d4358-1808-4798-a3d8-c8a98ec562ff","name":"karateWorkSpace","type":"personal","visibility":"personal","createdBy":"32384855"},{"id":"521e55e5-a629-4538-95c5-8a5d441c3431","name":"karateWorkSpace","type":"personal","visibility":"personal","createdBy":"32384855"},{"id":"7eed0b32-78fa-4e21-ac70-2a85baeedc8e","name":"Emmond","type":"personal","visibility":"personal","createdBy":"32384855"},{"id":"b783f076-9629-4810-810e-b9c25d69e533","name":"Rus","type":"personal","visibility":"personal","createdBy":"32384855"},{"id":"7636ef9a-de73-42ab-82d6-fd90a3873f71","name":"karateWorkSpace","type":"personal","visibility":"personal","createdBy":"32384855"},{"id":"027fc8b4-c0a9-4004-a837-6ba77c4c2c5d","name":"karateWorkSpace","type":"personal","visibility":"personal","createdBy":"32384855"},{"id":"742764ca-0dee-47bd-b77b-62e8e24e948c","name":"Carolei Waynwood","type":"personal","visibility":"personal","createdBy":"32384855"},{"id":"edd9d452-fd0a-4f63-a13e-c076dd731d68","name":"Durran","type":"personal","visibility":"personal","createdBy":"32384855"},{"id":"95c7393d-9c89-43b5-be99-087123158a48","name":"karateWorkSpace","type":"personal","visibility":"personal","createdBy":"32384855"},{"id":"699b8e1c-850e-437a-87bd-f5d32048a8e0","name":"karateWorkSpace","type":"personal","visibility":"personal","createdBy":"32384855"},{"id":"a37ee37d-1a99-4907-957b-3ed1ed731ce4","name":"Shortear","type":"personal","visibility":"personal","createdBy":"32384855"},{"id":"f40d74d4-99c5-4496-9458-c25f325af242","name":"Leona Tyrell","type":"personal","visibility":"personal","createdBy":"32384855"},{"id":"f67c41b5-aeb5-4aa4-b6bc-fd5adb715856","name":"karateWorkSpace","type":"personal","visibility":"personal","createdBy":"32384855"},{"id":"5c6439bb-0cb4-49c8-bfea-cf311e61dfe3","name":"karateWorkSpace","type":"personal","visibility":"personal","createdBy":"32384855"},{"id":"1dc23f64-6e16-46cb-840a-4d449606304a","name":"Triston Farwynd","type":"personal","visibility":"personal","createdBy":"32384855"},{"id":"f54215be-c772-439b-a56b-004904b10523","name":"Dafyn Vance","type":"personal","visibility":"personal","createdBy":"32384855"},{"id":"29a562a1-7d34-449e-84d8-3eb6181b64ff","name":"karateWorkSpace","type":"personal","visibility":"personal","createdBy":"32384855"},{"id":"37214563-d1a5-4992-ae99-b23ed45bc03e","name":"karateWorkSpace","type":"personal","visibility":"personal","createdBy":"32384855"},{"id":"fb790444-d8ef-41c8-a2af-0143c4fa913b","name":"karateWorkSpace","type":"personal","visibility":"personal","createdBy":"32384855"},{"id":"57a4fa42-99e9-47f0-8d08-a924c37c3e95","name":"karateWorkSpace","type":"personal","visibility":"personal","createdBy":"32384855"},{"id":"6f966f04-4493-48ad-b4c0-f7c6b2d48d9a","name":"Argilac","type":"personal","visibility":"personal","createdBy":"32384855"},{"id":"3f7bbbdb-a52f-446e-8ea4-da27f4e6a334","name":"Morrec","type":"personal","visibility":"personal","createdBy":"32384855"},{"id":"505099ae-177b-4110-afb0-bb157235fa1a","name":"karateWorkSpace","type":"personal","visibility":"personal","createdBy":"32384855"},{"id":"837bb81f-781f-4727-b9a8-edde302167f2","name":"karateWorkSpace","type":"personal","visibility":"personal","createdBy":"32384855"},{"id":"2248254b-01b1-4503-95f0-94e420034c53","name":"Barristan Selmy","type":"personal","visibility":"personal","createdBy":"32384855"},{"id":"2617bb48-3184-44fb-a12b-a2f8d8ec8b36","name":"Varys","type":"personal","visibility":"personal","createdBy":"32384855"},{"id":"dd29d959-1c8f-4d2a-b9b7-3ef6f3f1c0fe","name":"karateWorkSpace","type":"personal","visibility":"personal","createdBy":"32384855"},{"id":"ef611c62-fe00-441f-92e0-5360bc9148cf","name":"karateWorkSpace","type":"personal","visibility":"personal","createdBy":"32384855"},{"id":"7d3f6f92-4feb-472d-8143-43237dcdd7df","name":"karateWorkSpace","type":"personal","visibility":"personal","createdBy":"32384855"},{"id":"51b66517-0a06-4dcd-8e88-7c7c1acd2e1b","name":"karateWorkSpace","type":"personal","visibility":"personal","createdBy":"32384855"},{"id":"09543f00-b1a9-426b-8452-f6b3f45371a6","name":"Stevron Frey","type":"personal","visibility":"personal","createdBy":"32384855"},{"id":"6f6fd045-5fdd-4209-a608-0a14af5b42da","name":"Jyanna Frey","type":"personal","visibility":"personal","createdBy":"32384855"},{"id":"8f67a48f-a2c9-413f-b674-f23fcd469faf","name":"karateWorkSpace","type":"personal","visibility":"personal","createdBy":"32384855"},{"id":"2cadb449-30df-4ef9-b417-4fc6b2ad6117","name":"karateWorkSpace","type":"personal","visibility":"personal","createdBy":"32384855"},{"id":"aea5ca3f-8edb-4b26-abe8-12251f210560","name":"Symond Botley","type":"personal","visibility":"personal","createdBy":"32384855"},{"id":"2f14bf59-f28c-479b-a318-7058dd3638b5","name":"Ryella Royce","type":"personal","visibility":"personal","createdBy":"32384855"},{"id":"60130d73-9120-496f-96c0-7205497ac3af","name":"karateWorkSpace","type":"personal","visibility":"personal","createdBy":"32384855"},{"id":"50f03f24-116a-46cc-b4fe-729f18092491","name":"karateWorkSpace","type":"personal","visibility":"personal","createdBy":"32384855"},{"id":"34aa0352-25dc-4a08-bcc2-d71c3c97fe4c","name":"Clifford Conklyn","type":"personal","visibility":"personal","createdBy":"32384855"}]}

17:13:19.847 [pool-2-thread-4] DEBUG com.intuit.karate - response time in milliseconds: 1130
1 < 200
1 < Date: Thu, 13 Feb 2025 11:43:19 GMT
1 < Content-Type: application/json; charset=utf-8
1 < Content-Length: 84
1 < Connection: keep-alive
1 < Server: nginx
1 < x-frame-options: deny
1 < x-xss-protection: 1; mode=block
1 < x-content-type-options: nosniff
1 < referrer-policy: no-referrer-when-downgrade
1 < access-control-allow-origin: *
1 < access-control-allow-methods: GET,POST,PUT,DELETE
1 < access-control-allow-headers: content-type,x-api-key
1 < access-control-allow-credentials: false
1 < x-ratelimit-limit: 300
1 < x-ratelimit-reset: 52
1 < x-ratelimit-remaining: 278
1 < ratelimit: limit=300, remaining=278, reset=52
1 < ratelimit-policy: 300;w=60
1 < ratelimit-limit: 300
1 < ratelimit-remaining: 278
1 < ratelimit-reset: 52
1 < ratelimit-limit-month: 10000
1 < ratelimit-remaining-month: 7172
1 < x-ratelimit-limit-month: 10000
1 < x-ratelimit-remaining-month: 7172
1 < uWebSockets: 20
{"workspace":{"id":"5291aeaf-87ae-4fc6-9ec7-d642c9bbf6b4","name":"karateWorkSpace"}}

17:13:19.850 [pool-2-thread-4] INFO  com.intuit.karate - [print] Workspace ID: 5291aeaf-87ae-4fc6-9ec7-d642c9bbf6b4 
17:13:19.853 [pool-2-thread-4] DEBUG com.intuit.karate - request:
2 > GET https://api.getpostman.com/workspaces/5291aeaf-87ae-4fc6-9ec7-d642c9bbf6b4
2 > x-api-key: PMAK-67a1fd6a1bd33e0001398b39-8f7df1a19b801ffe2ebdd25b9b6fc3bdfb
2 > Host: api.getpostman.com
2 > Connection: Keep-Alive
2 > User-Agent: Apache-HttpClient/4.5.14 (Java/17.0.10)
2 > Accept-Encoding: gzip,deflate


17:13:19.954 [pool-2-thread-2] DEBUG com.intuit.karate - response time in milliseconds: 1262
1 < 200
1 < Date: Thu, 13 Feb 2025 11:43:19 GMT
1 < Content-Type: application/json; charset=utf-8
1 < Content-Length: 83
1 < Connection: keep-alive
1 < Server: nginx
1 < x-frame-options: deny
1 < x-xss-protection: 1; mode=block
1 < x-content-type-options: nosniff
1 < referrer-policy: no-referrer-when-downgrade
1 < access-control-allow-origin: *
1 < access-control-allow-methods: GET,POST,PUT,DELETE
1 < access-control-allow-headers: content-type,x-api-key
1 < access-control-allow-credentials: false
1 < x-ratelimit-limit: 300
1 < x-ratelimit-reset: 52
1 < x-ratelimit-remaining: 279
1 < ratelimit: limit=300, remaining=279, reset=52
1 < ratelimit-policy: 300;w=60
1 < ratelimit-limit: 300
1 < ratelimit-remaining: 279
1 < ratelimit-reset: 52
1 < ratelimit-limit-month: 10000
1 < ratelimit-remaining-month: 7173
1 < x-ratelimit-limit-month: 10000
1 < x-ratelimit-remaining-month: 7173
1 < uWebSockets: 20
{"workspace":{"id":"00ad1270-e6cf-48a7-a205-a75313b4a286","name":"Jeyne Beesbury"}}

17:13:20.944 [pool-2-thread-4] DEBUG com.intuit.karate - response time in milliseconds: 1091
2 < 200
2 < Date: Thu, 13 Feb 2025 11:43:20 GMT
2 < Content-Type: application/json; charset=utf-8
2 < Content-Length: 284
2 < Connection: keep-alive
2 < Server: nginx
2 < x-frame-options: deny
2 < x-xss-protection: 1; mode=block
2 < x-content-type-options: nosniff
2 < referrer-policy: no-referrer-when-downgrade
2 < access-control-allow-origin: *
2 < access-control-allow-methods: GET,POST,PUT,DELETE
2 < access-control-allow-headers: content-type,x-api-key
2 < access-control-allow-credentials: false
2 < x-ratelimit-limit: 10
2 < x-ratelimit-reset: 1
2 < x-ratelimit-remaining: 7
2 < ratelimit: limit=10, remaining=7, reset=1
2 < ratelimit-policy: 10;w=10
2 < ratelimit-limit: 10
2 < ratelimit-remaining: 7
2 < ratelimit-reset: 1
2 < ratelimit-limit-month: 10000
2 < ratelimit-remaining-month: 7171
2 < x-ratelimit-limit-month: 10000
2 < x-ratelimit-remaining-month: 7171
2 < uWebSockets: 20
{"workspace":{"id":"5291aeaf-87ae-4fc6-9ec7-d642c9bbf6b4","name":"karateWorkSpace","type":"personal","description":"MYWorkSpaceKarate","visibility":"personal","createdBy":"32384855","updatedBy":"32384855","createdAt":"2025-02-13T11:43:19.000Z","updatedAt":"2025-02-13T11:43:19.000Z"}}

17:13:20.950 [pool-2-thread-4] DEBUG com.intuit.karate - request:
[...]
  "status": true,
  "messages": [
    "Enrollment status available."
  ],
  "notification": "",
  "payload": {
    "action_code": 1020,
    "account_change_code": 0,
    "redirect": "",
    "last_redirect": "",
    "last_fallback": "",
    "fallback": "",
    "consumer_id": "139002",
    "enrollment_id": "38221",
    "email_address": "mui55@test.com",
    "consumer_public_key": "LS0tLS1CRUdJTiBQVUJMSUMgS0VZLS0tLS0KTUlJQklqQU5CZ2txaGtpRzl3MEJBUUVGQUFPQ0FROEFNSUlCQ2dLQ0FRRUFzcnFieldlakhPQlZMUGh1cFVaQwptL0tpRzZWL3A3TWE5U3pEL3ZOWXlHVE5XZFFoYWQ1V0crdk1CZEsrQnlUZTNyMllMcE1PVExiZ2dyR2FtelYyCkp6Z3B0WkJJWWN2S1hYdUNSOS9JbDVsRVAzUGVTcERyd1FVL252c2M0a3NQSmR1V2RpV1RXdUZqb0VocnJKMnoKUDllaXlOUktCeUZQTG9tRG91eldST05vRG5sNW4ycDVBK0lZSkQwOVZmN3FoOE1raFVDZUhyNWMwbnNJRDV4bgpqZ0Q3ZDhzdmhwQzU1ZnByN0d6bm9jUUROYjRmbHBBbXFnNjZFb0lRMnRHSHZrYnNQUzVDZHhBdkZlbFJnVDF5CnBKQklBSUZUYkI2eFZ2N3F4YUhkZjQ3cElhL2oyaHN3NmViL2tBakJkcFpKbVVHRHp4MWxRQXlJQjE1RVArak4KL3dJREFRQUIKLS0tLS1FTkQgUFVCTElDIEtFWS0tLS0tCg==",
    "consumerAccessToken": "ee3ee3b17916611374b5a23d3ffced0b434f8e92",
    "itemId": "",
    "merchant_id": "127000256000017",
    "fname": "Yvonne",
    "lname": "Gelina",
    "bank_source": "",
    "cdw_action_code": "730",
    "cdw_redirect": "error",
    "cdw_messages": [
      "Deposit and Withdrawal process not allowed."
    ],
    "bank_accounts": null,
    "mobile_phone": "7777358383",
    "cdw_extended_delay": 0
  },
  "partnerCustomerNumber": "3cccf822-22d2-4e23-8946-f6d0d3d6b84b",
  "error": null
}
 
17:13:39.151 [pool-2-thread-1] DEBUG com.intuit.karate - request:
2 > POST https://bimhep-qa.bimnetworkstech.com/api/hostedEnrollment/continueEnrollment
2 > Content-Type: application/json; charset=UTF-8
2 > Accept: */*
2 > Content-Length: 1040
2 > Host: bimhep-qa.bimnetworkstech.com
2 > Connection: Keep-Alive
2 > User-Agent: Apache-HttpClient/4.5.14 (Java/17.0.10)
2 > Accept-Encoding: gzip,deflate
{"FirstName":"{{FisrtName}}","LastName":"{{LastName}}","Dob":"12\/19\/2000","partnerId":"MTI3","StreetAddress":"48 ALLENSTOWN RD","ApartmentNumber":"","City":"ALLENSTOWN","State":"NY","ZipCode":"03275","MainPhoneNumber":"565-465-4654","IdentificationType":"DL","IdentificationState":"LA","IdentificationNumber":"3454354545","TermsAndConditions":"true","Payload":{"PublicKey":"LS0tLS1CRUdJTiBQVUJMSUMgS0VZLS0tLS0KTUlJQklqQU5CZ2txaGtpRzl3MEJBUUVGQUFPQ0FROEFNSUlCQ2dLQ0FRRUFzcnFieldlakhPQlZMUGh1cFVaQwptL0tpRzZWL3A3TWE5U3pEL3ZOWXlHVE5XZFFoYWQ1V0crdk1CZEsrQnlUZTNyMllMcE1PVExiZ2dyR2FtelYyCkp6Z3B0WkJJWWN2S1hYdUNSOS9JbDVsRVAzUGVTcERyd1FVL252c2M0a3NQSmR1V2RpV1RXdUZqb0VocnJKMnoKUDllaXlOUktCeUZQTG9tRG91eldST05vRG5sNW4ycDVBK0lZSkQwOVZmN3FoOE1raFVDZUhyNWMwbnNJRDV4bgpqZ0Q3ZDhzdmhwQzU1ZnByN0d6bm9jUUROYjRmbHBBbXFnNjZFb0lRMnRHSHZrYnNQUzVDZHhBdkZlbFJnVDF5CnBKQklBSUZUYkI2eFZ2N3F4YUhkZjQ3cElhL2oyaHN3NmViL2tBakJkcFpKbVVHRHp4MWxRQXlJQjE1RVArak4KL3dJREFRQUIKLS0tLS1FTkQgUFVCTElDIEtFWS0tLS0tCg==","AccessToken":"ee3ee3b17916611374b5a23d3ffced0b434f8e92"}}

17:13:44.671 [pool-2-thread-1] DEBUG com.intuit.karate - response time in milliseconds: 5514
2 < 200
2 < Date: Thu, 13 Feb 2025 11:43:44 GMT
2 < Content-Type: application/json; charset=utf-8
2 < Connection: keep-alive
2 < Access-Control-Expose-Headers: Request-Context
2 < Cache-Control: no-cache
2 < Expires: -1
2 < Pragma: no-cache
2 < Vary: Accept-Encoding
2 < X-AspNet-Version: 4.0.30319
2 < Request-Context: appId=cid-v1:cba57b22-bea6-48bb-a3b8-4c30d76b9899
2 < X-Powered-By: ASP.NET
2 < X-Frame-Options: ALLOW-FROM http://localhost:58402/ http://localhost:61309/
2 < cf-cache-status: DYNAMIC
2 < Server: cloudflare
2 < CF-RAY: 91148fdac8724e3d-BLR
{"status":true,"messages":["Account created.","Account created & partner registered for IAV redirect URL.","First API call retrieved redirect URL successfully."],"notification":"","payload":{"redirect":"https://bimsdk-qa.bimnetworkstech.com/IAVRed/Link/139002/127","action_code":171,"fallback":"redirectbankselect","auth_operation":"CHKENROLL","auth_response_code":"00","auth_response_verbiage":"TRANSACTION APPROVED"},"error":null}

17:13:44.673 [pool-2-thread-1] INFO  com.intuit.karate - [print] Continue Enrollment Response: {
  "status": true,
  "messages": [
    "Account created.",
    "Account created & partner registered for IAV redirect URL.",
    "First API call retrieved redirect URL successfully."
  ],
  "notification": "",
  "payload": {
    "redirect": "https://bimsdk-qa.bimnetworkstech.com/IAVRed/Link/139002/127",
    "action_code": 171,
    "fallback": "redirectbankselect",
    "auth_operation": "CHKENROLL",
    "auth_response_code": "00",
    "auth_response_verbiage": "TRANSACTION APPROVED"
  },
  "error": null
}
 
17:13:44.676 [pool-2-thread-1] DEBUG com.intuit.karate - request:
3 > POST https://bimhep-qa.bimnetworkstech.com/api/hostedEnrollment/PostToWebhookOnIAVExit
3 > Content-Type: application/json; charset=UTF-8
3 > Accept: */*
3 > Content-Length: 42
3 > Host: bimhep-qa.bimnetworkstech.com
3 > Connection: Keep-Alive
3 > User-Agent: Apache-HttpClient/4.5.14 (Java/17.0.10)
3 > Accept-Encoding: gzip,deflate
{"partnerId":"MTI3","consumerId":"138830"}

17:13:45.384 [pool-2-thread-1] DEBUG com.intuit.karate - response time in milliseconds: 702
3 < 200
3 < Date: Thu, 13 Feb 2025 11:43:44 GMT
3 < Content-Type: application/json; charset=utf-8
3 < Connection: keep-alive
3 < Access-Control-Expose-Headers: Request-Context
3 < Cache-Control: no-cache
3 < Expires: -1
3 < Pragma: no-cache
3 < Vary: Accept-Encoding
3 < X-AspNet-Version: 4.0.30319
3 < Request-Context: appId=cid-v1:cba57b22-bea6-48bb-a3b8-4c30d76b9899
3 < X-Powered-By: ASP.NET
3 < X-Frame-Options: ALLOW-FROM http://localhost:58402/ http://localhost:61309/
3 < cf-cache-status: DYNAMIC
3 < Server: cloudflare
3 < CF-RAY: 91148ffd4bde755c-BLR
true

17:13:45.387 [pool-2-thread-1] INFO  com.intuit.karate - [print] PostToWebhookOnIAVExit Response: true 
17:13:50.448 [pool-2-thread-1] INFO  com.intuit.karate - [print] CDW Match Enrollment Request: {
  "AccountNumber": "9854562112542112",
  "RoutingNumber": "121000358",
  "PartnerId": "MTI3",
  "Payload": {
    "PublicKey": "LS0tLS1CRUdJTiBQVUJMSUMgS0VZLS0tLS0KTUlJQklqQU5CZ2txaGtpRzl3MEJBUUVGQUFPQ0FROEFNSUlCQ2dLQ0FRRUFzcnFieldlakhPQlZMUGh1cFVaQwptL0tpRzZWL3A3TWE5U3pEL3ZOWXlHVE5XZFFoYWQ1V0crdk1CZEsrQnlUZTNyMllMcE1PVExiZ2dyR2FtelYyCkp6Z3B0WkJJWWN2S1hYdUNSOS9JbDVsRVAzUGVTcERyd1FVL252c2M0a3NQSmR1V2RpV1RXdUZqb0VocnJKMnoKUDllaXlOUktCeUZQTG9tRG91eldST05vRG5sNW4ycDVBK0lZSkQwOVZmN3FoOE1raFVDZUhyNWMwbnNJRDV4bgpqZ0Q3ZDhzdmhwQzU1ZnByN0d6bm9jUUROYjRmbHBBbXFnNjZFb0lRMnRHSHZrYnNQUzVDZHhBdkZlbFJnVDF5CnBKQklBSUZUYkI2eFZ2N3F4YUhkZjQ3cElhL2oyaHN3NmViL2tBakJkcFpKbVVHRHp4MWxRQXlJQjE1RVArak4KL3dJREFRQUIKLS0tLS1FTkQgUFVCTElDIEtFWS0tLS0tCg==",
    "AccessToken": "ee3ee3b17916611374b5a23d3ffced0b434f8e92"
  }
}
 
17:13:50.452 [pool-2-thread-1] DEBUG com.intuit.karate - request:
4 > POST https://bimhep-qa.bimnetworkstech.com/api/hostedEnrollment/cdwMatchEnrollment
4 > Content-Type: application/json; charset=UTF-8
4 > Accept: */*
4 > Content-Length: 771
4 > Host: bimhep-qa.bimnetworkstech.com
4 > Connection: Keep-Alive
4 > User-Agent: Apache-HttpClient/4.5.14 (Java/17.0.10)
4 > Accept-Encoding: gzip,deflate
{"AccountNumber":"9854562112542112","RoutingNumber":"121000358","PartnerId":"MTI3","Payload":{"PublicKey":"LS0tLS1CRUdJTiBQVUJMSUMgS0VZLS0tLS0KTUlJQklqQU5CZ2txaGtpRzl3MEJBUUVGQUFPQ0FROEFNSUlCQ2dLQ0FRRUFzcnFieldlakhPQlZMUGh1cFVaQwptL0tpRzZWL3A3TWE5U3pEL3ZOWXlHVE5XZFFoYWQ1V0crdk1CZEsrQnlUZTNyMllMcE1PVExiZ2dyR2FtelYyCkp6Z3B0WkJJWWN2S1hYdUNSOS9JbDVsRVAzUGVTcERyd1FVL252c2M0a3NQSmR1V2RpV1RXdUZqb0VocnJKMnoKUDllaXlOUktCeUZQTG9tRG91eldST05vRG5sNW4ycDVBK0lZSkQwOVZmN3FoOE1raFVDZUhyNWMwbnNJRDV4bgpqZ0Q3ZDhzdmhwQzU1ZnByN0d6bm9jUUROYjRmbHBBbXFnNjZFb0lRMnRHSHZrYnNQUzVDZHhBdkZlbFJnVDF5CnBKQklBSUZUYkI2eFZ2N3F4YUhkZjQ3cElhL2oyaHN3NmViL2tBakJkcFpKbVVHRHp4MWxRQXlJQjE1RVArak4KL3dJREFRQUIKLS0tLS1FTkQgUFVCTElDIEtFWS0tLS0tCg==","AccessToken":"ee3ee3b17916611374b5a23d3ffced0b434f8e92"}}

17:13:52.560 [pool-2-thread-1] DEBUG com.intuit.karate - response time in milliseconds: 2103
4 < 200
4 < Date: Thu, 13 Feb 2025 11:43:52 GMT
4 < Content-Type: application/json; charset=utf-8
4 < Connection: keep-alive
4 < Access-Control-Expose-Headers: Request-Context
4 < Cache-Control: no-cache
4 < Expires: -1
4 < Pragma: no-cache
4 < Vary: Accept-Encoding
4 < X-AspNet-Version: 4.0.30319
4 < Request-Context: appId=cid-v1:cba57b22-bea6-48bb-a3b8-4c30d76b9899
4 < X-Powered-By: ASP.NET
4 < X-Frame-Options: ALLOW-FROM http://localhost:58402/ http://localhost:61309/
4 < cf-cache-status: DYNAMIC
4 < Server: cloudflare
4 < CF-RAY: 911490216d1825e0-BLR
{"status":false,"messages":["Uh oh! Something went wrong, please call customer support"],"notification":"","payload":{"bank_source":null,"action_code":1490,"redirect":"error","fallback":"","auth_operation":null,"auth_response_code":null,"auth_response_verbiage":null,"email_address":null,"consumer_id":null},"error":null}

17:13:52.562 [pool-2-thread-1] INFO  com.intuit.karate - [print] CDW Match Enrollment Response: {
  "status": false,
  "messages": [
    "Uh oh! Something went wrong, please call customer support"
  ],
  "notification": "",
  "payload": {
    "bank_source": null,
    "action_code": 1490,
    "redirect": "error",
    "fallback": "",
    "auth_operation": null,
    "auth_response_code": null,
    "auth_response_verbiage": null,
    "email_address": null,
    "consumer_id": null
  },
  "error": null
}
 
17:13:52.565 [pool-2-thread-1] DEBUG com.intuit.karate - request:
5 > POST https://bimhep-qa.bimnetworkstech.com/api/hostedEnrollment/confirmCdw
5 > Content-Type: application/json; charset=UTF-8
5 > Accept: */*
5 > Content-Length: 757
5 > Host: bimhep-qa.bimnetworkstech.com
5 > Connection: Keep-Alive
5 > User-Agent: Apache-HttpClient/4.5.14 (Java/17.0.10)
5 > Accept-Encoding: gzip,deflate
{"DepositAmount":"0.09","WithdrawalAmount":"0.08","partnerId":"MTI3","Payload":{"PublicKey":"LS0tLS1CRUdJTiBQVUJMSUMgS0VZLS0tLS0KTUlJQklqQU5CZ2txaGtpRzl3MEJBUUVGQUFPQ0FROEFNSUlCQ2dLQ0FRRUFzcnFieldlakhPQlZMUGh1cFVaQwptL0tpRzZWL3A3TWE5U3pEL3ZOWXlHVE5XZFFoYWQ1V0crdk1CZEsrQnlUZTNyMllMcE1PVExiZ2dyR2FtelYyCkp6Z3B0WkJJWWN2S1hYdUNSOS9JbDVsRVAzUGVTcERyd1FVL252c2M0a3NQSmR1V2RpV1RXdUZqb0VocnJKMnoKUDllaXlOUktCeUZQTG9tRG91eldST05vRG5sNW4ycDVBK0lZSkQwOVZmN3FoOE1raFVDZUhyNWMwbnNJRDV4bgpqZ0Q3ZDhzdmhwQzU1ZnByN0d6bm9jUUROYjRmbHBBbXFnNjZFb0lRMnRHSHZrYnNQUzVDZHhBdkZlbFJnVDF5CnBKQklBSUZUYkI2eFZ2N3F4YUhkZjQ3cElhL2oyaHN3NmViL2tBakJkcFpKbVVHRHp4MWxRQXlJQjE1RVArak4KL3dJREFRQUIKLS0tLS1FTkQgUFVCTElDIEtFWS0tLS0tCg==","AccessToken":"ee3ee3b17916611374b5a23d3ffced0b434f8e92"}}

17:13:54.129 [pool-2-thread-1] DEBUG com.intuit.karate - response time in milliseconds: 1542
5 < 200
5 < Date: Thu, 13 Feb 2025 11:43:53 GMT
5 < Content-Type: application/json; charset=utf-8
5 < Connection: keep-alive
5 < Access-Control-Expose-Headers: Request-Context
5 < Cache-Control: no-cache
5 < Expires: -1
5 < Pragma: no-cache
5 < Vary: Accept-Encoding
5 < X-AspNet-Version: 4.0.30319
5 < Request-Context: appId=cid-v1:cba57b22-bea6-48bb-a3b8-4c30d76b9899
5 < X-Powered-By: ASP.NET
5 < X-Frame-Options: ALLOW-FROM http://localhost:58402/ http://localhost:61309/
5 < cf-cache-status: DYNAMIC
5 < Server: cloudflare
5 < CF-RAY: 9114902eb8106f7a-BLR
{"status":false,"messages":["Uh oh! Something went wrong, please call customer support"],"notification":"","payload":{"action_code":1490,"account_change_code":0,"redirect":"error","fallback":"","auth_operation":null,"auth_response_code":null,"auth_response_verbiage":null,"email_address":null,"consumer_id":null,"rewards":null}}

17:13:54.137 [pool-2-thread-1] INFO  com.intuit.karate - [print] Confirm CDW Response: {
  "status": false,
  "messages": [
    "Uh oh! Something went wrong, please call customer support"
  ],
  "notification": "",
  "payload": {
    "action_code": 1490,
    "account_change_code": 0,
    "redirect": "error",
    "fallback": "",
    "auth_operation": null,
    "auth_response_code": null,
    "auth_response_verbiage": null,
    "email_address": null,
    "consumer_id": null,
    "rewards": null
  }
}
 
---------------------------------------------------------
feature: classpath:PostmanAPI/APITEST/BuydirectEndToEndTest/consumerEnrollment.Feature
scenarios:  1 | passed:  1 | failed:  0 | time: 44.6222
---------------------------------------------------------

17:13:57.033 [pool-3-thread-1] INFO  com.intuit.karate.Suite - <<pass>> feature 1 of 10 (9 remaining) classpath:PostmanAPI/APITEST/BuydirectEndToEndTest/consumerEnrollment.Feature
---------------------------------------------------------
feature: classpath:PostmanAPI/APITEST/CollectionFeature/TestCreateCollectionResponceScheema.feature
scenarios:  1 | passed:  1 | failed:  0 | time: 6.1609
---------------------------------------------------------

17:13:57.282 [pool-3-thread-1] INFO  com.intuit.karate.Suite - <<pass>> feature 2 of 10 (8 remaining) classpath:PostmanAPI/APITEST/CollectionFeature/TestCreateCollectionResponceScheema.feature
---------------------------------------------------------
feature: classpath:PostmanAPI/APITEST/CollectionFeature/TestCreateUpdateGetAndDeleteCollections.feature
scenarios:  1 | passed:  1 | failed:  0 | time: 6.4821
---------------------------------------------------------

17:13:57.726 [pool-3-thread-1] INFO  com.intuit.karate.Suite - <<pass>> feature 3 of 10 (7 remaining) classpath:PostmanAPI/APITEST/CollectionFeature/TestCreateUpdateGetAndDeleteCollections.feature
---------------------------------------------------------
feature: classpath:PostmanAPI/APITEST/WorkSpaceFeature/TestCreateUpdateDeleteWorkSpaceAPI.feature
scenarios:  3 | passed:  3 | failed:  0 | time: 11.6172
---------------------------------------------------------

17:13:58.073 [pool-3-thread-1] INFO  com.intuit.karate.Suite - <<pass>> feature 4 of 10 (6 remaining) classpath:PostmanAPI/APITEST/WorkSpaceFeature/TestCreateUpdateDeleteWorkSpaceAPI.feature
---------------------------------------------------------
feature: classpath:PostmanAPI/APITEST/WorkSpaceFeature/TestCreateWorkSpaceWithDiffData.feature
scenarios:  5 | passed:  5 | failed:  0 | time: 5.5591
---------------------------------------------------------

17:13:58.203 [pool-3-thread-1] INFO  com.intuit.karate.Suite - <<pass>> feature 5 of 10 (5 remaining) classpath:PostmanAPI/APITEST/WorkSpaceFeature/TestCreateWorkSpaceWithDiffData.feature
---------------------------------------------------------
feature: classpath:PostmanAPI/APITEST/WorkSpaceFeature/TestCreateWorkSpaceWithExternelData.feature
scenarios:  1 | passed:  1 | failed:  0 | time: 1.3225
---------------------------------------------------------

17:13:58.264 [pool-3-thread-1] INFO  com.intuit.karate.Suite - <<pass>> feature 6 of 10 (4 remaining) classpath:PostmanAPI/APITEST/WorkSpaceFeature/TestCreateWorkSpaceWithExternelData.feature
---------------------------------------------------------
feature: classpath:PostmanAPI/APITEST/WorkSpaceFeature/TestDataBaseConnection.feature
scenarios:  2 | passed:  2 | failed:  0 | time: 3.6053
---------------------------------------------------------

17:13:58.337 [pool-3-thread-1] INFO  com.intuit.karate.Suite - <<pass>> feature 7 of 10 (3 remaining) classpath:PostmanAPI/APITEST/WorkSpaceFeature/TestDataBaseConnection.feature
---------------------------------------------------------
feature: classpath:PostmanAPI/APITEST/WorkSpaceFeature/TestGetAallWorkSpaceAPI.feature
scenarios:  2 | passed:  2 | failed:  0 | time: 2.4180
---------------------------------------------------------

17:13:58.418 [pool-3-thread-1] INFO  com.intuit.karate.Suite - <<pass>> feature 8 of 10 (2 remaining) classpath:PostmanAPI/APITEST/WorkSpaceFeature/TestGetAallWorkSpaceAPI.feature
---------------------------------------------------------
feature: classpath:PostmanAPI/APITEST/WorkSpaceFeature/WorkSpaceResponseScheemaValidation.feature
scenarios:  1 | passed:  1 | failed:  0 | time: 1.3049
---------------------------------------------------------

17:13:58.509 [pool-3-thread-1] INFO  com.intuit.karate.Suite - <<pass>> feature 9 of 10 (1 remaining) classpath:PostmanAPI/APITEST/WorkSpaceFeature/WorkSpaceResponseScheemaValidation.feature
---------------------------------------------------------
feature: classpath:PostmanAPI/Performance/TestCreateUpdateDeleteWorkSpaceAPI.feature
scenarios:  1 | passed:  1 | failed:  0 | time: 4.4788
---------------------------------------------------------

17:13:58.675 [pool-3-thread-1] INFO  com.intuit.karate.Suite - <<pass>> feature 10 of 10 (0 remaining) classpath:PostmanAPI/Performance/TestCreateUpdateDeleteWorkSpaceAPI.feature
Karate version: 1.5.0
======================================================
elapsed:  51.98 | threads:    5 | thread time: 87.57 
features:    10 | skipped:    0 | efficiency: 0.34
scenarios:   18 | passed:    18 | failed: 0
======================================================

HTML report: (paste into browser to view) | Karate version: 1.5.0
file:///C:/Users/ShashiKumarSidhhalin/Desktop/KarateProject/apitest/target/karate-reports/karate-summary.html
===================================================================

17:13:59.568 [main] INFO  n.m.cucumber.ReportParser - File 'C:\Users\ShashiKumarSidhhalin\Desktop\KarateProject\apitest\target\karate-reports\PostmanAPI.APITEST.BuydirectEndToEndTest.consumerEnrollment.Feature.json' contains 1 feature(s)
17:13:59.570 [main] INFO  n.m.cucumber.ReportParser - File 'C:\Users\ShashiKumarSidhhalin\Desktop\KarateProject\apitest\target\karate-reports\PostmanAPI.APITEST.CollectionFeature.TestCreateCollectionResponceScheema.json' contains 1 feature(s)
17:13:59.573 [main] INFO  n.m.cucumber.ReportParser - File 'C:\Users\ShashiKumarSidhhalin\Desktop\KarateProject\apitest\target\karate-reports\PostmanAPI.APITEST.CollectionFeature.TestCreateUpdateGetAndDeleteCollections.json' contains 1 feature(s)
17:13:59.577 [main] INFO  n.m.cucumber.ReportParser - File 'C:\Users\ShashiKumarSidhhalin\Desktop\KarateProject\apitest\target\karate-reports\PostmanAPI.APITEST.mock.payment-mock.json' contains 1 feature(s)
17:13:59.579 [main] INFO  n.m.cucumber.ReportParser - File 'C:\Users\ShashiKumarSidhhalin\Desktop\KarateProject\apitest\target\karate-reports\PostmanAPI.APITEST.mock.test.json' contains 1 feature(s)
17:13:59.585 [main] INFO  n.m.cucumber.ReportParser - File 'C:\Users\ShashiKumarSidhhalin\Desktop\KarateProject\apitest\target\karate-reports\PostmanAPI.APITEST.WorkSpaceFeature.TestCreateUpdateDeleteWorkSpaceAPI.json' contains 1 feature(s)
17:13:59.589 [main] INFO  n.m.cucumber.ReportParser - File 'C:\Users\ShashiKumarSidhhalin\Desktop\KarateProject\apitest\target\karate-reports\PostmanAPI.APITEST.WorkSpaceFeature.TestCreateWorkSpaceWithDiffData.json' contains 1 feature(s)
17:13:59.590 [main] INFO  n.m.cucumber.ReportParser - File 'C:\Users\ShashiKumarSidhhalin\Desktop\KarateProject\apitest\target\karate-reports\PostmanAPI.APITEST.WorkSpaceFeature.TestCreateWorkSpaceWithExternelData.json' contains 1 feature(s)
17:13:59.592 [main] INFO  n.m.cucumber.ReportParser - File 'C:\Users\ShashiKumarSidhhalin\Desktop\KarateProject\apitest\target\karate-reports\PostmanAPI.APITEST.WorkSpaceFeature.TestDataBaseConnection.json' contains 1 feature(s)
17:13:59.595 [main] INFO  n.m.cucumber.ReportParser - File 'C:\Users\ShashiKumarSidhhalin\Desktop\KarateProject\apitest\target\karate-reports\PostmanAPI.APITEST.WorkSpaceFeature.TestGetAallWorkSpaceAPI.json' contains 1 feature(s)
17:13:59.596 [main] INFO  n.m.cucumber.ReportParser - File 'C:\Users\ShashiKumarSidhhalin\Desktop\KarateProject\apitest\target\karate-reports\PostmanAPI.APITEST.WorkSpaceFeature.WorkSpaceResponseScheemaValidation.json' contains 1 feature(s)
17:13:59.598 [main] INFO  n.m.cucumber.ReportParser - File 'C:\Users\ShashiKumarSidhhalin\Desktop\KarateProject\apitest\target\karate-reports\PostmanAPI.Performance.TestCreateUpdateDeleteWorkSpaceAPI.json' contains 1 feature(s)
]]></system-out>
  </testcase>
</testsuite>